[2026-06-10T18:47:00.249Z] GET http://localhost:3001/en → pending (?ms, ?B)
[2026-06-10T18:47:02.178Z] GET http://localhost:3001/_next/static/chunks/app_globals_0jn8.0u.css → 200 (6ms, 4366B)
[2026-06-10T18:47:02.178Z] GET http://localhost:3001/assets/arrow-white.svg → 200 (10ms, 664B)
[2026-06-10T18:47:02.178Z] GET http://localhost:3001/assets/2_success_home.png → 200 (13ms, 160735B)
[2026-06-10T18:47:02.178Z] GET http://localhost:3001/assets/LKF_Concepts.png → 200 (12ms, 13077B)
[2026-06-10T18:47:02.178Z] GET http://localhost:3001/assets/HKU_Business_School.png → 200 (14ms, 108378B)
[2026-06-10T18:47:02.178Z] GET http://localhost:3001/assets/City_Super.png → 200 (15ms, 16466B)
[2026-06-10T18:47:02.178Z] GET http://localhost:3001/assets/Midea.png → 200 (26ms, 19605B)
[2026-06-10T18:47:02.178Z] GET http://localhost:3001/assets/Christies.png → 200 (26ms, 8329B)
[2026-06-10T18:47:02.178Z] GET http://localhost:3001/assets/Cyberport.png → 200 (26ms, 25158B)
[2026-06-10T18:47:02.178Z] GET http://localhost:3001/assets/OOCL.png → 200 (26ms, 17757B)
[2026-06-10T18:47:02.178Z] GET http://localhost:3001/assets/Payoneer.png → 200 (29ms, 18265B)
[2026-06-10T18:47:02.178Z] GET http://localhost:3001/_next/static/chunks/%5Bturbopack%5D_browser_dev_hmr-client_hmr-client_ts_10z625~._.js → 200 (29ms, 675B)
[2026-06-10T18:47:02.179Z] GET http://localhost:3001/_next/static/chunks/node_modules_next_dist_compiled_next-devtools_index_0553esy.js → 200 (60ms, 218034B)
[2026-06-10T18:47:02.179Z] GET http://localhost:3001/_next/static/chunks/node_modules_next_dist_compiled_react-dom_058-ah~._.js → 200 (62ms, 183892B)
[2026-06-10T18:47:02.179Z] GET http://localhost:3001/_next/static/chunks/node_modules_next_dist_compiled_react-server-dom-turbopack_0p3wegg._.js → 200 (35ms, 31819B)
[2026-06-10T18:47:02.179Z] GET http://localhost:3001/_next/static/chunks/node_modules_next_dist_compiled_0rpq4pf._.js → 200 (32ms, 28374B)
[2026-06-10T18:47:02.179Z] GET http://localhost:3001/_next/static/chunks/node_modules_next_dist_client_0fhqo1d._.js → 200 (58ms, 151341B)
[2026-06-10T18:47:02.179Z] GET http://localhost:3001/_next/static/chunks/node_modules_next_dist_115brz8._.js → 200 (36ms, 46084B)
[2026-06-10T18:47:02.179Z] GET http://localhost:3001/_next/static/chunks/node_modules_%40swc_helpers_cjs_0-4ujiy._.js → 200 (36ms, 756B)
[2026-06-10T18:47:02.179Z] GET http://localhost:3001/_next/static/chunks/_0rqeker._.js → 200 (36ms, 756B)
[2026-06-10T18:47:02.179Z] GET http://localhost:3001/_next/static/chunks/turbopack-_0p44nws._.js → 200 (41ms, 22428B)
[2026-06-10T18:47:02.179Z] GET http://localhost:3001/_next/static/chunks/node_modules_next_dist_0tt2wve._.js → 200 (46ms, 36698B)
[2026-06-10T18:47:02.179Z] GET http://localhost:3001/_next/static/chunks/node_modules_next_dist_client_components_builtin_not-found_004glpo.js → 200 (37ms, 263B)
[2026-06-10T18:47:02.179Z] GET http://localhost:3001/_next/static/chunks/node_modules_05xzobi._.js → 200 (60ms, 99334B)
[2026-06-10T18:47:02.179Z] GET http://localhost:3001/_next/static/chunks/components_0xx_.no._.js → 200 (47ms, 2066B)
[2026-06-10T18:47:02.179Z] GET http://localhost:3001/_next/static/chunks/app_%5Blocale%5D_layout_tsx_004glpo._.js → 200 (47ms, 333B)
[2026-06-10T18:47:02.179Z] GET http://localhost:3001/_next/static/chunks/components_0_dbnvz._.js → 200 (58ms, 18955B)
[2026-06-10T18:47:02.179Z] GET http://localhost:3001/_next/static/chunks/node_modules_next_0kva~xv._.js → 200 (61ms, 35847B)
[2026-06-10T18:47:02.179Z] GET http://localhost:3001/_next/static/chunks/node_modules_gsap_0b.-ujv._.js → 200 (65ms, 45268B)
[2026-06-10T18:47:02.179Z] GET http://localhost:3001/_next/static/chunks/node_modules_three_build_three_core_0qefhn6.js → 200 (94ms, 287852B)
[2026-06-10T18:47:02.179Z] GET http://localhost:3001/_next/static/chunks/node_modules_three_build_three_module_024z3_h.js → 200 (79ms, 131443B)
[2026-06-10T18:47:02.180Z] GET http://localhost:3001/_next/static/chunks/node_modules_next-intl_dist_esm_development_react-client_index_0vngosj.js → 200 (60ms, 1016B)
[2026-06-10T18:47:02.180Z] GET http://localhost:3001/_next/static/chunks/app_%5Blocale%5D_page_tsx_0azkx.8._.js → 200 (62ms, 563B)
[2026-06-10T18:47:02.180Z] GET http://localhost:3001/_next/static/chunks/node_modules_next_dist_client_components_builtin_global-error_004glpo.js → 200 (62ms, 212B)
[2026-06-10T18:47:02.180Z] GET http://localhost:3001/assets/arrow-dark.svg → 200 (62ms, 666B)
[2026-06-10T18:47:02.181Z] GET https://fonts.googleapis.com/css2?family=JetBrains+Mono:wght@400;500;700&family=Plus+Jakarta+Sans:ital,wght@0,300;0,400;0,500;0,600;0,700;0,800;1,400&family=Instrument+Serif:ital@0;1&family=Starting+Lineup:ital@0;1&display=swap → 200 (457ms, 1622B)
[2026-06-10T18:47:02.181Z] GET http://localhost:3001/assets/Kimberly-Clark.png → 200 (64ms, 28222B)
[2026-06-10T18:47:02.181Z] GET http://localhost:3001/assets/HSBC.png → 200 (64ms, 11085B)
[2026-06-10T18:47:02.183Z] GET http://localhost:3001/assets/2_areas_bg.png → 200 (62ms, 2023129B)
[2026-06-10T18:47:02.183Z] GET http://localhost:3001/assets/2_practice_01.png → 200 (63ms, 2490117B)
[2026-06-10T18:47:02.183Z] GET http://localhost:3001/assets/2_practice_02.png → 200 (63ms, 51942B)
[2026-06-10T18:47:02.183Z] GET http://localhost:3001/assets/2_practice_03.png → 200 (64ms, 43998B)
[2026-06-10T18:47:02.183Z] GET http://localhost:3001/assets/2_practice_04.png → 200 (66ms, 46504B)
[2026-06-10T18:47:02.183Z] GET http://localhost:3001/assets/2_practice_05.png → 200 (68ms, 47830B)
[2026-06-10T18:47:02.183Z] GET http://localhost:3001/assets/2_map.png → 200 (68ms, 1973179B)
[2026-06-10T18:47:02.183Z] GET http://localhost:3001/assets/byteplus%20logo.png → 200 (74ms, 6524B)
[2026-06-10T18:47:02.183Z] GET http://localhost:3001/assets/footer%20image.png → 200 (76ms, 632104B)
[2026-06-10T18:47:02.208Z] GET http://localhost:3001/assets/partner.mp4 → 206 (50ms, ?B)
[2026-06-10T18:47:02.264Z] GET http://localhost:3001/assets/partner.mp4 → 206 (2ms, 20667B)
[2026-06-10T18:47:02.699Z] GET https://fonts.gstatic.com/s/plusjakartasans/v12/LDIoaomQNQcsA88c7O9yZ4KMCoOg4Ko20yygg_vb.woff2 → 200 (413ms, 27399B)
[2026-06-10T18:47:02.699Z] GET https://fonts.gstatic.com/s/jetbrainsmono/v24/tDbv2o-flEEny0FZhsfKu5WU4zr3E_BX0PnT8RD8yKwBNntkaToggR7BYRbKPxDcwgknk-4.woff2 → 200 (418ms, 31466B)
[2026-06-10T18:47:02.699Z] GET https://fonts.gstatic.com/s/instrumentserif/v5/jizHRFtNs2ka5fXjeivQ4LroWlx-6zAjjH7Motmp5g.woff2 → 200 (412ms, 16216B)
[2026-06-10T18:47:02.699Z] GET https://fonts.gstatic.com/s/plusjakartasans/v12/LDIZaomQNQcsA88c7O9yZ4KMCoOg4KozySKCdSNG9OcqYQ0lCS_XOKyKQt2l-Fs.woff2 → 200 (416ms, 12711B)
[2026-06-10T18:47:02.699Z] GET http://localhost:3001/assets/logo_black.png → 200 (80ms, 1738B)
[2026-06-10T18:47:02.779Z] GET http://localhost:3001/_next/static/chunks/%5Bturbopack%5D_browser_dev_hmr-client_hmr-client_ts_0yjw1oe._.js → 200 (3ms, 3892B)
[2026-06-10T18:47:02.779Z] GET http://localhost:3001/_next/static/chunks/%5Bturbopack%5D_browser_dev_hmr-client_hmr-client_ts_10mygs7._.js → 200 (3ms, 289B)
[2026-06-10T18:47:02.895Z] POST http://localhost:3001/__nextjs_original-stack-frames → 200 (38ms, 658B)
[2026-06-10T18:47:02.896Z] POST http://localhost:3001/__nextjs_original-stack-frames → 200 (34ms, 657B)
[2026-06-10T18:47:02.896Z] POST http://localhost:3001/__nextjs_original-stack-frames → 200 (34ms, 657B)
[2026-06-10T18:47:02.897Z] POST http://localhost:3001/__nextjs_original-stack-frames → 200 (27ms, 595B)
[2026-06-10T18:47:03.463Z] GET http://localhost:3001/__nextjs_font/geist-latin.woff2 → 200 (?ms, 28369B)
[2026-06-10T18:47:03.463Z] GET http://localhost:3001/__nextjs_font/geist-mono-latin.woff2 → 200 (1ms, 31301B)
[2026-06-10T18:47:25.619Z] GET http://localhost:3001/en → 200 (54ms, 17481B)
[2026-06-10T18:47:25.678Z] GET http://localhost:3001/_next/static/chunks/app_globals_0jn8.0u.css → 200 (11ms, ?B)
[2026-06-10T18:47:25.679Z] GET http://localhost:3001/assets/arrow-white.svg → 200 (11ms, ?B)
[2026-06-10T18:47:25.679Z] GET http://localhost:3001/assets/2_success_home.png → 200 (11ms, ?B)
[2026-06-10T18:47:25.679Z] GET http://localhost:3001/assets/LKF_Concepts.png → 200 (11ms, ?B)
[2026-06-10T18:47:25.679Z] GET http://localhost:3001/assets/HKU_Business_School.png → 200 (12ms, ?B)
[2026-06-10T18:47:25.679Z] GET http://localhost:3001/assets/City_Super.png → 200 (46ms, ?B)
[2026-06-10T18:47:25.679Z] GET http://localhost:3001/assets/Midea.png → 200 (46ms, ?B)
[2026-06-10T18:47:25.679Z] GET http://localhost:3001/assets/Christies.png → 200 (48ms, ?B)
[2026-06-10T18:47:25.680Z] GET http://localhost:3001/assets/Cyberport.png → 200 (48ms, ?B)
[2026-06-10T18:47:25.680Z] GET http://localhost:3001/assets/OOCL.png → 200 (48ms, ?B)
[2026-06-10T18:47:25.680Z] GET http://localhost:3001/assets/Payoneer.png → 200 (52ms, ?B)
[2026-06-10T18:47:25.680Z] GET http://localhost:3001/_next/static/chunks/%5Bturbopack%5D_browser_dev_hmr-client_hmr-client_ts_10z625~._.js → 200 (57ms, ?B)
[2026-06-10T18:47:25.680Z] GET http://localhost:3001/_next/static/chunks/node_modules_next_dist_compiled_next-devtools_index_0553esy.js → 200 (64ms, ?B)
[2026-06-10T18:47:25.680Z] GET http://localhost:3001/_next/static/chunks/node_modules_next_dist_compiled_react-dom_058-ah~._.js → 200 (58ms, ?B)
[2026-06-10T18:47:25.680Z] GET http://localhost:3001/_next/static/chunks/node_modules_next_dist_compiled_react-server-dom-turbopack_0p3wegg._.js → 200 (57ms, ?B)
[2026-06-10T18:47:25.680Z] GET http://localhost:3001/_next/static/chunks/node_modules_next_dist_compiled_0rpq4pf._.js → 200 (58ms, ?B)
[2026-06-10T18:47:25.680Z] GET http://localhost:3001/_next/static/chunks/node_modules_next_dist_client_0fhqo1d._.js → 200 (62ms, ?B)
[2026-06-10T18:47:25.680Z] GET http://localhost:3001/_next/static/chunks/node_modules_next_dist_115brz8._.js → 200 (62ms, ?B)
[2026-06-10T18:47:25.680Z] GET http://localhost:3001/_next/static/chunks/node_modules_%40swc_helpers_cjs_0-4ujiy._.js → 200 (62ms, ?B)
[2026-06-10T18:47:25.681Z] GET http://localhost:3001/_next/static/chunks/_0rqeker._.js → 200 (62ms, ?B)
[2026-06-10T18:47:25.681Z] GET http://localhost:3001/_next/static/chunks/turbopack-_0p44nws._.js → 200 (64ms, ?B)
[2026-06-10T18:47:25.681Z] GET http://localhost:3001/_next/static/chunks/node_modules_next_dist_0tt2wve._.js → 200 (64ms, ?B)
[2026-06-10T18:47:25.683Z] GET http://localhost:3001/_next/static/chunks/node_modules_next_dist_client_components_builtin_not-found_004glpo.js → 200 (62ms, ?B)
[2026-06-10T18:47:25.683Z] GET http://localhost:3001/_next/static/chunks/node_modules_05xzobi._.js → 200 (64ms, ?B)
[2026-06-10T18:47:25.684Z] GET http://localhost:3001/_next/static/chunks/components_0xx_.no._.js → 200 (63ms, ?B)
[2026-06-10T18:47:25.684Z] GET http://localhost:3001/_next/static/chunks/app_%5Blocale%5D_layout_tsx_004glpo._.js → 200 (63ms, ?B)
[2026-06-10T18:47:25.684Z] GET http://localhost:3001/_next/static/chunks/components_0_dbnvz._.js → 200 (71ms, 19104B)
[2026-06-10T18:47:25.684Z] GET http://localhost:3001/_next/static/chunks/node_modules_next_0kva~xv._.js → 200 (64ms, ?B)
[2026-06-10T18:47:25.684Z] GET http://localhost:3001/_next/static/chunks/node_modules_gsap_0b.-ujv._.js → 200 (64ms, ?B)
[2026-06-10T18:47:25.685Z] GET http://localhost:3001/_next/static/chunks/node_modules_three_build_three_core_0qefhn6.js → 200 (72ms, ?B)
[2026-06-10T18:47:25.686Z] GET http://localhost:3001/_next/static/chunks/node_modules_three_build_three_module_024z3_h.js → 200 (70ms, ?B)
[2026-06-10T18:47:25.687Z] GET http://localhost:3001/_next/static/chunks/node_modules_next-intl_dist_esm_development_react-client_index_0vngosj.js → 200 (61ms, ?B)
[2026-06-10T18:47:25.687Z] GET http://localhost:3001/_next/static/chunks/app_%5Blocale%5D_page_tsx_0azkx.8._.js → 200 (63ms, ?B)
[2026-06-10T18:47:25.687Z] GET http://localhost:3001/_next/static/chunks/node_modules_next_dist_client_components_builtin_global-error_004glpo.js → 200 (61ms, ?B)
[2026-06-10T18:47:25.687Z] GET http://localhost:3001/assets/arrow-dark.svg → 200 (45ms, ?B)
[2026-06-10T18:47:25.687Z] GET https://fonts.googleapis.com/css2?family=JetBrains+Mono:wght@400;500;700&family=Plus+Jakarta+Sans:ital,wght@0,300;0,400;0,500;0,600;0,700;0,800;1,400&family=Instrument+Serif:ital@0;1&family=Starting+Lineup:ital@0;1&display=swap → 200 (1ms, -743B)
[2026-06-10T18:47:25.688Z] GET http://localhost:3001/assets/Kimberly-Clark.png → 200 (45ms, ?B)
[2026-06-10T18:47:25.688Z] GET http://localhost:3001/assets/HSBC.png → 200 (45ms, ?B)
[2026-06-10T18:47:25.688Z] GET http://localhost:3001/assets/2_areas_bg.png → 200 (46ms, ?B)
[2026-06-10T18:47:25.688Z] GET http://localhost:3001/assets/2_practice_01.png → 200 (46ms, ?B)
[2026-06-10T18:47:25.689Z] GET http://localhost:3001/assets/2_practice_02.png → 200 (45ms, ?B)
[2026-06-10T18:47:25.689Z] GET http://localhost:3001/assets/2_practice_03.png → 200 (45ms, ?B)
[2026-06-10T18:47:25.689Z] GET http://localhost:3001/assets/2_practice_04.png → 200 (46ms, ?B)
[2026-06-10T18:47:25.689Z] GET http://localhost:3001/assets/2_practice_05.png → 200 (46ms, ?B)
[2026-06-10T18:47:25.689Z] GET http://localhost:3001/assets/2_map.png → 200 (46ms, ?B)
[2026-06-10T18:47:25.689Z] GET http://localhost:3001/assets/byteplus%20logo.png → 200 (46ms, ?B)
[2026-06-10T18:47:25.689Z] GET http://localhost:3001/assets/footer%20image.png → 200 (46ms, ?B)
[2026-06-10T18:47:25.721Z] GET https://fonts.gstatic.com/s/instrumentserif/v5/jizHRFtNs2ka5fXjeivQ4LroWlx-6zAjjH7Motmp5g.woff2 → 200 (2ms, -814B)
[2026-06-10T18:47:25.723Z] GET https://fonts.gstatic.com/s/jetbrainsmono/v24/tDbv2o-flEEny0FZhsfKu5WU4zr3E_BX0PnT8RD8yKwBNntkaToggR7BYRbKPxDcwgknk-4.woff2 → 200 (?ms, -814B)
[2026-06-10T18:47:25.723Z] GET https://fonts.gstatic.com/s/plusjakartasans/v12/LDIZaomQNQcsA88c7O9yZ4KMCoOg4KozySKCdSNG9OcqYQ0lCS_XOKyKQt2l-Fs.woff2 → 200 (1ms, -815B)
[2026-06-10T18:47:25.724Z] GET https://fonts.gstatic.com/s/plusjakartasans/v12/LDIoaomQNQcsA88c7O9yZ4KMCoOg4Ko20yygg_vb.woff2 → 200 (?ms, -815B)
[2026-06-10T18:47:25.725Z] GET http://localhost:3001/assets/logo_black.png → 200 (10ms, ?B)
[2026-06-10T18:47:25.735Z] GET http://localhost:3001/assets/partner.mp4 → 206 (22ms, 852599B)
[2026-06-10T18:47:25.760Z] GET http://localhost:3001/_next/static/chunks/%5Bturbopack%5D_browser_dev_hmr-client_hmr-client_ts_0yjw1oe._.js → 200 (62ms, ?B)
[2026-06-10T18:47:25.760Z] GET http://localhost:3001/_next/static/chunks/%5Bturbopack%5D_browser_dev_hmr-client_hmr-client_ts_10mygs7._.js → 200 (62ms, ?B)
[2026-06-10T18:47:25.835Z] GET http://localhost:3001/__nextjs_font/geist-latin.woff2 → 200 (?ms, -209B)
[2026-06-10T18:47:25.835Z] GET http://localhost:3001/__nextjs_font/geist-mono-latin.woff2 → 200 (?ms, -209B)
[2026-06-10T18:47:28.978Z] GET http://localhost:3001/_next/static/chunks/app_globals_0jn8.0u.css → 200 (3ms, 4473B)
[2026-06-10T18:47:31.572Z] GET http://localhost:3001/assets/2_success_home_a.png → 200 (3ms, 171696B)
[2026-06-10T18:47:36.571Z] GET http://localhost:3001/assets/2_success_home_b.png → 200 (2ms, 195354B)
[2026-06-10T18:47:38.681Z] GET http://localhost:3001/en → 200 (56ms, 17480B)
[2026-06-10T18:47:38.742Z] GET http://localhost:3001/_next/static/chunks/app_globals_0jn8.0u.css → 304 (11ms, ?B)
[2026-06-10T18:47:38.742Z] GET http://localhost:3001/assets/arrow-white.svg → 304 (11ms, ?B)
[2026-06-10T18:47:38.742Z] GET http://localhost:3001/assets/2_success_home.png → 304 (13ms, ?B)
[2026-06-10T18:47:38.744Z] GET http://localhost:3001/assets/LKF_Concepts.png → 304 (11ms, ?B)
[2026-06-10T18:47:38.744Z] GET http://localhost:3001/assets/HKU_Business_School.png → 304 (43ms, ?B)
[2026-06-10T18:47:38.744Z] GET http://localhost:3001/assets/City_Super.png → 304 (43ms, ?B)
[2026-06-10T18:47:38.744Z] GET http://localhost:3001/assets/Midea.png → 304 (43ms, ?B)
[2026-06-10T18:47:38.744Z] GET http://localhost:3001/assets/Christies.png → 304 (43ms, ?B)
[2026-06-10T18:47:38.744Z] GET http://localhost:3001/assets/Cyberport.png → 304 (44ms, ?B)
[2026-06-10T18:47:38.744Z] GET http://localhost:3001/assets/OOCL.png → 304 (44ms, ?B)
[2026-06-10T18:47:38.746Z] GET http://localhost:3001/assets/Payoneer.png → 304 (42ms, ?B)
[2026-06-10T18:47:38.746Z] GET http://localhost:3001/_next/static/chunks/%5Bturbopack%5D_browser_dev_hmr-client_hmr-client_ts_10z625~._.js → 304 (51ms, ?B)
[2026-06-10T18:47:38.746Z] GET http://localhost:3001/_next/static/chunks/node_modules_next_dist_compiled_next-devtools_index_0553esy.js → 304 (43ms, ?B)
[2026-06-10T18:47:38.746Z] GET http://localhost:3001/_next/static/chunks/node_modules_next_dist_compiled_react-dom_058-ah~._.js → 304 (51ms, ?B)
[2026-06-10T18:47:38.746Z] GET http://localhost:3001/_next/static/chunks/node_modules_next_dist_compiled_react-server-dom-turbopack_0p3wegg._.js → 304 (52ms, ?B)
[2026-06-10T18:47:38.746Z] GET http://localhost:3001/_next/static/chunks/node_modules_next_dist_compiled_0rpq4pf._.js → 304 (52ms, ?B)
[2026-06-10T18:47:38.748Z] GET http://localhost:3001/_next/static/chunks/node_modules_next_dist_client_0fhqo1d._.js → 304 (50ms, ?B)
[2026-06-10T18:47:38.748Z] GET http://localhost:3001/_next/static/chunks/node_modules_next_dist_115brz8._.js → 304 (50ms, ?B)
[2026-06-10T18:47:38.748Z] GET http://localhost:3001/_next/static/chunks/node_modules_%40swc_helpers_cjs_0-4ujiy._.js → 304 (51ms, ?B)
[2026-06-10T18:47:38.748Z] GET http://localhost:3001/_next/static/chunks/_0rqeker._.js → 304 (50ms, ?B)
[2026-06-10T18:47:38.748Z] GET http://localhost:3001/_next/static/chunks/turbopack-_0p44nws._.js → 304 (51ms, ?B)
[2026-06-10T18:47:38.748Z] GET http://localhost:3001/_next/static/chunks/node_modules_next_dist_0tt2wve._.js → 304 (51ms, ?B)
[2026-06-10T18:47:38.748Z] GET http://localhost:3001/_next/static/chunks/node_modules_next_dist_client_components_builtin_not-found_004glpo.js → 304 (51ms, ?B)
[2026-06-10T18:47:38.749Z] GET http://localhost:3001/_next/static/chunks/node_modules_05xzobi._.js → 304 (52ms, ?B)
[2026-06-10T18:47:38.749Z] GET http://localhost:3001/_next/static/chunks/components_0xx_.no._.js → 304 (52ms, ?B)
[2026-06-10T18:47:38.749Z] GET http://localhost:3001/_next/static/chunks/app_%5Blocale%5D_layout_tsx_004glpo._.js → 304 (54ms, ?B)
[2026-06-10T18:47:38.749Z] GET http://localhost:3001/_next/static/chunks/components_0_dbnvz._.js → 304 (53ms, ?B)
[2026-06-10T18:47:38.749Z] GET http://localhost:3001/_next/static/chunks/node_modules_next_0kva~xv._.js → 304 (53ms, ?B)
[2026-06-10T18:47:38.749Z] GET http://localhost:3001/_next/static/chunks/node_modules_gsap_0b.-ujv._.js → 304 (54ms, ?B)
[2026-06-10T18:47:38.749Z] GET http://localhost:3001/_next/static/chunks/node_modules_three_build_three_core_0qefhn6.js → 304 (54ms, ?B)
[2026-06-10T18:47:38.749Z] GET http://localhost:3001/_next/static/chunks/node_modules_three_build_three_module_024z3_h.js → 304 (58ms, ?B)
[2026-06-10T18:47:38.750Z] GET http://localhost:3001/_next/static/chunks/node_modules_next-intl_dist_esm_development_react-client_index_0vngosj.js → 304 (58ms, ?B)
[2026-06-10T18:47:38.750Z] GET http://localhost:3001/_next/static/chunks/app_%5Blocale%5D_page_tsx_0azkx.8._.js → 304 (63ms, ?B)
[2026-06-10T18:47:38.750Z] GET http://localhost:3001/_next/static/chunks/node_modules_next_dist_client_components_builtin_global-error_004glpo.js → 304 (58ms, ?B)
[2026-06-10T18:47:38.751Z] GET http://localhost:3001/assets/arrow-dark.svg → 304 (54ms, ?B)
[2026-06-10T18:47:38.751Z] GET https://fonts.googleapis.com/css2?family=JetBrains+Mono:wght@400;500;700&family=Plus+Jakarta+Sans:ital,wght@0,300;0,400;0,500;0,600;0,700;0,800;1,400&family=Instrument+Serif:ital@0;1&family=Starting+Lineup:ital@0;1&display=swap → 200 (?ms, -743B)
[2026-06-10T18:47:38.751Z] GET http://localhost:3001/assets/Kimberly-Clark.png → 304 (54ms, ?B)
[2026-06-10T18:47:38.751Z] GET http://localhost:3001/assets/HSBC.png → 304 (55ms, ?B)
[2026-06-10T18:47:38.752Z] GET http://localhost:3001/assets/2_areas_bg.png → 304 (53ms, ?B)
[2026-06-10T18:47:38.752Z] GET http://localhost:3001/assets/2_practice_01.png → 304 (55ms, ?B)
[2026-06-10T18:47:38.752Z] GET http://localhost:3001/assets/2_practice_02.png → 304 (55ms, ?B)
[2026-06-10T18:47:38.752Z] GET http://localhost:3001/assets/2_practice_03.png → 304 (55ms, ?B)
[2026-06-10T18:47:38.752Z] GET http://localhost:3001/assets/2_practice_04.png → 304 (56ms, ?B)
[2026-06-10T18:47:38.752Z] GET http://localhost:3001/assets/2_practice_05.png → 304 (60ms, ?B)
[2026-06-10T18:47:38.752Z] GET http://localhost:3001/assets/2_map.png → 304 (60ms, ?B)
[2026-06-10T18:47:38.753Z] GET http://localhost:3001/assets/byteplus%20logo.png → 304 (59ms, ?B)
[2026-06-10T18:47:38.753Z] GET http://localhost:3001/assets/footer%20image.png → 304 (59ms, ?B)
[2026-06-10T18:47:38.759Z] GET https://fonts.gstatic.com/s/instrumentserif/v5/jizHRFtNs2ka5fXjeivQ4LroWlx-6zAjjH7Motmp5g.woff2 → 200 (?ms, -814B)
[2026-06-10T18:47:38.760Z] GET https://fonts.gstatic.com/s/jetbrainsmono/v24/tDbv2o-flEEny0FZhsfKu5WU4zr3E_BX0PnT8RD8yKwBNntkaToggR7BYRbKPxDcwgknk-4.woff2 → 200 (6ms, -814B)
[2026-06-10T18:47:38.766Z] GET https://fonts.gstatic.com/s/plusjakartasans/v12/LDIZaomQNQcsA88c7O9yZ4KMCoOg4KozySKCdSNG9OcqYQ0lCS_XOKyKQt2l-Fs.woff2 → 200 (1ms, -815B)
[2026-06-10T18:47:38.767Z] GET https://fonts.gstatic.com/s/plusjakartasans/v12/LDIoaomQNQcsA88c7O9yZ4KMCoOg4Ko20yygg_vb.woff2 → 200 (20ms, -815B)
[2026-06-10T18:47:38.797Z] GET http://localhost:3001/assets/logo_black.png → 304 (15ms, ?B)
[2026-06-10T18:47:38.811Z] GET http://localhost:3001/_next/static/chunks/%5Bturbopack%5D_browser_dev_hmr-client_hmr-client_ts_0yjw1oe._.js → 304 (2ms, ?B)
[2026-06-10T18:47:38.811Z] GET http://localhost:3001/_next/static/chunks/%5Bturbopack%5D_browser_dev_hmr-client_hmr-client_ts_10mygs7._.js → 304 (2ms, ?B)
[2026-06-10T18:47:38.814Z] GET http://localhost:3001/__nextjs_font/geist-latin.woff2 → 200 (?ms, -209B)
[2026-06-10T18:47:38.814Z] GET http://localhost:3001/__nextjs_font/geist-mono-latin.woff2 → 200 (?ms, -209B)
[2026-06-10T18:47:44.556Z] GET http://localhost:3001/assets/2_success_home_a.png → 304 (1ms, ?B)
[2026-06-10T18:47:49.568Z] GET http://localhost:3001/assets/2_success_home_b.png → 304 (7ms, ?B)
[2026-06-10T18:47:59.546Z] GET http://localhost:3001/assets/2_success_home_a.png → 200 (2ms, ?B)
[2026-06-10T18:48:04.553Z] GET http://localhost:3001/assets/2_success_home_b.png → 200 (2ms, ?B)
[2026-06-10T18:48:12.154Z] GET http://localhost:3001/en → pending (?ms, ?B)
[2026-06-10T18:48:12.210Z] GET http://localhost:3001/_next/static/chunks/app_globals_0jn8.0u.css → 304 (6ms, ?B)
[2026-06-10T18:48:12.211Z] GET http://localhost:3001/assets/arrow-white.svg → 304 (5ms, ?B)
[2026-06-10T18:48:12.214Z] GET http://localhost:3001/assets/2_success_home.png → 304 (3ms, ?B)
[2026-06-10T18:48:12.214Z] GET http://localhost:3001/assets/LKF_Concepts.png → 304 (3ms, ?B)
[2026-06-10T18:48:12.214Z] GET http://localhost:3001/assets/HKU_Business_School.png → 304 (5ms, ?B)
[2026-06-10T18:48:12.214Z] GET http://localhost:3001/assets/City_Super.png → 304 (5ms, ?B)
[2026-06-10T18:48:12.214Z] GET http://localhost:3001/assets/Midea.png → 304 (5ms, ?B)
[2026-06-10T18:48:12.214Z] GET http://localhost:3001/assets/Christies.png → 304 (14ms, ?B)
[2026-06-10T18:48:12.214Z] GET http://localhost:3001/assets/Cyberport.png → 304 (14ms, ?B)
[2026-06-10T18:48:12.214Z] GET http://localhost:3001/assets/OOCL.png → 304 (14ms, ?B)
[2026-06-10T18:48:12.214Z] GET http://localhost:3001/assets/Payoneer.png → 304 (14ms, ?B)
[2026-06-10T18:48:12.214Z] GET http://localhost:3001/_next/static/chunks/%5Bturbopack%5D_browser_dev_hmr-client_hmr-client_ts_10z625~._.js → 200 (14ms, ?B)
[2026-06-10T18:48:12.214Z] GET http://localhost:3001/_next/static/chunks/node_modules_next_dist_compiled_next-devtools_index_0553esy.js → 200 (114ms, ?B)
[2026-06-10T18:48:12.214Z] GET http://localhost:3001/_next/static/chunks/node_modules_next_dist_compiled_react-dom_058-ah~._.js → 200 (19ms, ?B)
[2026-06-10T18:48:12.214Z] GET http://localhost:3001/_next/static/chunks/node_modules_next_dist_compiled_react-server-dom-turbopack_0p3wegg._.js → 200 (14ms, ?B)
[2026-06-10T18:48:12.214Z] GET http://localhost:3001/_next/static/chunks/node_modules_next_dist_compiled_0rpq4pf._.js → 200 (14ms, ?B)
[2026-06-10T18:48:12.214Z] GET http://localhost:3001/_next/static/chunks/node_modules_next_dist_client_0fhqo1d._.js → 200 (24ms, ?B)
[2026-06-10T18:48:12.214Z] GET http://localhost:3001/_next/static/chunks/node_modules_next_dist_115brz8._.js → 200 (108ms, ?B)
[2026-06-10T18:48:12.214Z] GET http://localhost:3001/_next/static/chunks/node_modules_%40swc_helpers_cjs_0-4ujiy._.js → 200 (114ms, ?B)
[2026-06-10T18:48:12.214Z] GET http://localhost:3001/_next/static/chunks/_0rqeker._.js → 200 (108ms, ?B)
[2026-06-10T18:48:12.214Z] GET http://localhost:3001/_next/static/chunks/turbopack-_0p44nws._.js → 200 (114ms, ?B)
[2026-06-10T18:48:12.214Z] GET http://localhost:3001/_next/static/chunks/node_modules_next_dist_0tt2wve._.js → 200 (114ms, ?B)
[2026-06-10T18:48:12.214Z] GET http://localhost:3001/_next/static/chunks/node_modules_next_dist_client_components_builtin_not-found_004glpo.js → 200 (115ms, ?B)
[2026-06-10T18:48:12.214Z] GET http://localhost:3001/_next/static/chunks/node_modules_05xzobi._.js → 200 (115ms, ?B)
[2026-06-10T18:48:12.214Z] GET http://localhost:3001/_next/static/chunks/components_0xx_.no._.js → 200 (115ms, ?B)
[2026-06-10T18:48:12.214Z] GET http://localhost:3001/_next/static/chunks/app_%5Blocale%5D_layout_tsx_004glpo._.js → 200 (115ms, ?B)
[2026-06-10T18:48:12.214Z] GET http://localhost:3001/_next/static/chunks/components_0_dbnvz._.js → 200 (115ms, ?B)
[2026-06-10T18:48:12.214Z] GET http://localhost:3001/_next/static/chunks/node_modules_next_0kva~xv._.js → 200 (115ms, ?B)
[2026-06-10T18:48:12.214Z] GET http://localhost:3001/_next/static/chunks/node_modules_gsap_0b.-ujv._.js → 200 (115ms, ?B)
[2026-06-10T18:48:12.215Z] GET http://localhost:3001/_next/static/chunks/node_modules_three_build_three_core_0qefhn6.js → 200 (121ms, ?B)
[2026-06-10T18:48:12.215Z] GET http://localhost:3001/_next/static/chunks/node_modules_three_build_three_module_024z3_h.js → 200 (118ms, ?B)
[2026-06-10T18:48:12.215Z] GET http://localhost:3001/_next/static/chunks/node_modules_next-intl_dist_esm_development_react-client_index_0vngosj.js → 200 (115ms, ?B)
[2026-06-10T18:48:12.215Z] GET http://localhost:3001/_next/static/chunks/app_%5Blocale%5D_page_tsx_0azkx.8._.js → 200 (115ms, ?B)
[2026-06-10T18:48:12.215Z] GET http://localhost:3001/_next/static/chunks/node_modules_next_dist_client_components_builtin_global-error_004glpo.js → 200 (114ms, ?B)
[2026-06-10T18:48:12.215Z] GET http://localhost:3001/assets/arrow-dark.svg → 304 (104ms, ?B)
[2026-06-10T18:48:12.216Z] GET https://fonts.googleapis.com/css2?family=JetBrains+Mono:wght@400;500;700&family=Plus+Jakarta+Sans:ital,wght@0,300;0,400;0,500;0,600;0,700;0,800;1,400&family=Instrument+Serif:ital@0;1&family=Starting+Lineup:ital@0;1&display=swap → 200 (?ms, -743B)
[2026-06-10T18:48:12.216Z] GET http://localhost:3001/assets/Kimberly-Clark.png → 304 (121ms, ?B)
[2026-06-10T18:48:12.216Z] GET http://localhost:3001/assets/HSBC.png → 304 (122ms, ?B)
[2026-06-10T18:48:12.216Z] GET http://localhost:3001/assets/2_areas_bg.png → 304 (123ms, ?B)
[2026-06-10T18:48:12.216Z] GET http://localhost:3001/assets/2_practice_01.png → 304 (125ms, ?B)
[2026-06-10T18:48:12.216Z] GET http://localhost:3001/assets/2_practice_02.png → 304 (125ms, ?B)
[2026-06-10T18:48:12.216Z] GET http://localhost:3001/assets/2_practice_03.png → 304 (125ms, ?B)
[2026-06-10T18:48:12.216Z] GET http://localhost:3001/assets/2_practice_04.png → 304 (136ms, ?B)
[2026-06-10T18:48:12.216Z] GET http://localhost:3001/assets/2_practice_05.png → 304 (136ms, ?B)
[2026-06-10T18:48:12.216Z] GET http://localhost:3001/assets/2_map.png → 304 (136ms, ?B)
[2026-06-10T18:48:12.216Z] GET http://localhost:3001/assets/byteplus%20logo.png → 304 (136ms, ?B)
[2026-06-10T18:48:12.216Z] GET http://localhost:3001/assets/footer%20image.png → 304 (136ms, ?B)
[2026-06-10T18:48:12.217Z] GET http://localhost:3001/assets/partner.mp4 → pending (?ms, ?B)
[2026-06-10T18:48:12.218Z] GET https://fonts.gstatic.com/s/instrumentserif/v5/jizHRFtNs2ka5fXjeivQ4LroWlx-6zAjjH7Motmp5g.woff2 → 200 (?ms, -814B)
[2026-06-10T18:48:12.218Z] GET https://fonts.gstatic.com/s/jetbrainsmono/v24/tDbv2o-flEEny0FZhsfKu5WU4zr3E_BX0PnT8RD8yKwBNntkaToggR7BYRbKPxDcwgknk-4.woff2 → 200 (?ms, -814B)
[2026-06-10T18:48:12.218Z] GET https://fonts.gstatic.com/s/plusjakartasans/v12/LDIZaomQNQcsA88c7O9yZ4KMCoOg4KozySKCdSNG9OcqYQ0lCS_XOKyKQt2l-Fs.woff2 → 200 (?ms, -815B)
[2026-06-10T18:48:12.219Z] GET https://fonts.gstatic.com/s/plusjakartasans/v12/LDIoaomQNQcsA88c7O9yZ4KMCoOg4Ko20yygg_vb.woff2 → 200 (?ms, -815B)
[2026-06-10T18:48:12.228Z] GET http://localhost:3001/assets/logo_black.png → 304 (91ms, ?B)
[2026-06-10T18:48:12.233Z] GET http://localhost:3001/assets/partner.mp4 → 206 (119ms, ?B)
[2026-06-10T18:48:12.332Z] GET http://localhost:3001/_next/static/chunks/%5Bturbopack%5D_browser_dev_hmr-client_hmr-client_ts_0yjw1oe._.js → 200 (20ms, ?B)
[2026-06-10T18:48:12.332Z] GET http://localhost:3001/_next/static/chunks/%5Bturbopack%5D_browser_dev_hmr-client_hmr-client_ts_10mygs7._.js → 200 (20ms, ?B)
[2026-06-10T18:48:12.335Z] GET http://localhost:3001/__nextjs_font/geist-latin.woff2 → 200 (1ms, -209B)
[2026-06-10T18:48:12.336Z] GET http://localhost:3001/__nextjs_font/geist-mono-latin.woff2 → 200 (?ms, -209B)
[2026-06-10T18:48:12.372Z] GET http://localhost:3001/assets/partner.mp4 → 206 (3ms, ?B)
[2026-06-10T18:48:18.079Z] GET http://localhost:3001/assets/2_success_home_a.png → 200 (2ms, ?B)
[2026-06-10T18:48:23.079Z] GET http://localhost:3001/assets/2_success_home_b.png → 200 (1ms, ?B)
[2026-06-10T18:48:28.079Z] GET http://localhost:3001/assets/2_success_home.png → 200 (2ms, ?B)
[2026-06-10T18:48:33.070Z] GET http://localhost:3001/assets/2_success_home_a.png → 200 (2ms, ?B)
[2026-06-10T18:48:38.081Z] GET http://localhost:3001/assets/2_success_home_b.png → 200 (4ms, ?B)
[2026-06-10T18:48:43.077Z] GET http://localhost:3001/assets/2_success_home.png → 200 (3ms, ?B)
[2026-06-10T18:48:48.079Z] GET http://localhost:3001/assets/2_success_home_a.png → 200 (4ms, ?B)
[2026-06-10T18:48:51.842Z] GET http://localhost:3001/en → 200 (52ms, 17481B)
[2026-06-10T18:48:51.898Z] GET http://localhost:3001/_next/static/chunks/app_globals_0jn8.0u.css → 304 (5ms, ?B)
[2026-06-10T18:48:51.898Z] GET http://localhost:3001/assets/arrow-white.svg → 304 (6ms, ?B)
[2026-06-10T18:48:51.898Z] GET http://localhost:3001/assets/2_success_home.png → 304 (6ms, ?B)
[2026-06-10T18:48:51.898Z] GET http://localhost:3001/assets/LKF_Concepts.png → 304 (6ms, ?B)
[2026-06-10T18:48:51.898Z] GET http://localhost:3001/assets/HKU_Business_School.png → 304 (7ms, ?B)
[2026-06-10T18:48:51.898Z] GET http://localhost:3001/assets/City_Super.png → 304 (7ms, ?B)
[2026-06-10T18:48:51.898Z] GET http://localhost:3001/assets/Midea.png → 304 (22ms, ?B)
[2026-06-10T18:48:51.898Z] GET http://localhost:3001/assets/Christies.png → 304 (23ms, ?B)
[2026-06-10T18:48:51.899Z] GET http://localhost:3001/assets/Cyberport.png → 304 (23ms, ?B)
[2026-06-10T18:48:51.899Z] GET http://localhost:3001/assets/OOCL.png → 304 (22ms, ?B)
[2026-06-10T18:48:51.899Z] GET http://localhost:3001/assets/Payoneer.png → 304 (23ms, ?B)
[2026-06-10T18:48:51.899Z] GET http://localhost:3001/_next/static/chunks/%5Bturbopack%5D_browser_dev_hmr-client_hmr-client_ts_10z625~._.js → 200 (25ms, ?B)
[2026-06-10T18:48:51.899Z] GET http://localhost:3001/_next/static/chunks/node_modules_next_dist_compiled_next-devtools_index_0553esy.js → 200 (38ms, ?B)
[2026-06-10T18:48:51.899Z] GET http://localhost:3001/_next/static/chunks/node_modules_next_dist_compiled_react-dom_058-ah~._.js → 200 (38ms, ?B)
[2026-06-10T18:48:51.899Z] GET http://localhost:3001/_next/static/chunks/node_modules_next_dist_compiled_react-server-dom-turbopack_0p3wegg._.js → 200 (25ms, ?B)
[2026-06-10T18:48:51.899Z] GET http://localhost:3001/_next/static/chunks/node_modules_next_dist_compiled_0rpq4pf._.js → 200 (25ms, ?B)
[2026-06-10T18:48:51.899Z] GET http://localhost:3001/_next/static/chunks/node_modules_next_dist_client_0fhqo1d._.js → 200 (29ms, ?B)
[2026-06-10T18:48:51.899Z] GET http://localhost:3001/_next/static/chunks/node_modules_next_dist_115brz8._.js → 200 (25ms, ?B)
[2026-06-10T18:48:51.899Z] GET http://localhost:3001/_next/static/chunks/node_modules_%40swc_helpers_cjs_0-4ujiy._.js → 200 (29ms, ?B)
[2026-06-10T18:48:51.899Z] GET http://localhost:3001/_next/static/chunks/_0rqeker._.js → 200 (29ms, ?B)
[2026-06-10T18:48:51.899Z] GET http://localhost:3001/_next/static/chunks/turbopack-_0p44nws._.js → 200 (39ms, ?B)
[2026-06-10T18:48:51.899Z] GET http://localhost:3001/_next/static/chunks/node_modules_next_dist_0tt2wve._.js → 200 (64ms, ?B)
[2026-06-10T18:48:51.899Z] GET http://localhost:3001/_next/static/chunks/node_modules_next_dist_client_components_builtin_not-found_004glpo.js → 200 (47ms, ?B)
[2026-06-10T18:48:51.899Z] GET http://localhost:3001/_next/static/chunks/node_modules_05xzobi._.js → 200 (64ms, ?B)
[2026-06-10T18:48:51.899Z] GET http://localhost:3001/_next/static/chunks/components_0xx_.no._.js → 200 (47ms, ?B)
[2026-06-10T18:48:51.899Z] GET http://localhost:3001/_next/static/chunks/app_%5Blocale%5D_layout_tsx_004glpo._.js → 200 (47ms, ?B)
[2026-06-10T18:48:51.899Z] GET http://localhost:3001/_next/static/chunks/components_0_dbnvz._.js → 200 (64ms, ?B)
[2026-06-10T18:48:51.899Z] GET http://localhost:3001/_next/static/chunks/node_modules_next_0kva~xv._.js → 200 (65ms, ?B)
[2026-06-10T18:48:51.899Z] GET http://localhost:3001/_next/static/chunks/node_modules_gsap_0b.-ujv._.js → 200 (66ms, ?B)
[2026-06-10T18:48:51.899Z] GET http://localhost:3001/_next/static/chunks/node_modules_three_build_three_core_0qefhn6.js → 200 (66ms, ?B)
[2026-06-10T18:48:51.899Z] GET http://localhost:3001/_next/static/chunks/node_modules_three_build_three_module_024z3_h.js → 200 (66ms, ?B)
[2026-06-10T18:48:51.900Z] GET http://localhost:3001/_next/static/chunks/node_modules_next-intl_dist_esm_development_react-client_index_0vngosj.js → 200 (65ms, ?B)
[2026-06-10T18:48:51.900Z] GET http://localhost:3001/_next/static/chunks/app_%5Blocale%5D_page_tsx_0azkx.8._.js → 200 (65ms, ?B)
[2026-06-10T18:48:51.900Z] GET http://localhost:3001/_next/static/chunks/node_modules_next_dist_client_components_builtin_global-error_004glpo.js → 200 (65ms, ?B)
[2026-06-10T18:48:51.900Z] GET http://localhost:3001/assets/arrow-dark.svg → 304 (46ms, ?B)
[2026-06-10T18:48:51.900Z] GET https://fonts.googleapis.com/css2?family=JetBrains+Mono:wght@400;500;700&family=Plus+Jakarta+Sans:ital,wght@0,300;0,400;0,500;0,600;0,700;0,800;1,400&family=Instrument+Serif:ital@0;1&family=Starting+Lineup:ital@0;1&display=swap → 200 (2ms, -743B)
[2026-06-10T18:48:51.902Z] GET http://localhost:3001/assets/Kimberly-Clark.png → 304 (60ms, ?B)
[2026-06-10T18:48:51.902Z] GET http://localhost:3001/assets/HSBC.png → 304 (60ms, ?B)
[2026-06-10T18:48:51.902Z] GET http://localhost:3001/assets/2_areas_bg.png → 304 (61ms, ?B)
[2026-06-10T18:48:51.902Z] GET http://localhost:3001/assets/2_practice_01.png → 304 (61ms, ?B)
[2026-06-10T18:48:51.902Z] GET http://localhost:3001/assets/2_practice_02.png → 304 (61ms, ?B)
[2026-06-10T18:48:51.903Z] GET http://localhost:3001/assets/2_practice_03.png → 304 (60ms, ?B)
[2026-06-10T18:48:51.903Z] GET http://localhost:3001/assets/2_practice_04.png → 304 (60ms, ?B)
[2026-06-10T18:48:51.903Z] GET http://localhost:3001/assets/2_practice_05.png → 304 (60ms, ?B)
[2026-06-10T18:48:51.903Z] GET http://localhost:3001/assets/2_map.png → 304 (60ms, ?B)
[2026-06-10T18:48:51.903Z] GET http://localhost:3001/assets/byteplus%20logo.png → 304 (60ms, ?B)
[2026-06-10T18:48:51.903Z] GET http://localhost:3001/assets/footer%20image.png → 304 (43ms, ?B)
[2026-06-10T18:48:51.918Z] GET https://fonts.gstatic.com/s/instrumentserif/v5/jizHRFtNs2ka5fXjeivQ4LroWlx-6zAjjH7Motmp5g.woff2 → 200 (?ms, -814B)
[2026-06-10T18:48:51.918Z] GET https://fonts.gstatic.com/s/jetbrainsmono/v24/tDbv2o-flEEny0FZhsfKu5WU4zr3E_BX0PnT8RD8yKwBNntkaToggR7BYRbKPxDcwgknk-4.woff2 → 200 (1ms, -814B)
[2026-06-10T18:48:51.919Z] GET https://fonts.gstatic.com/s/plusjakartasans/v12/LDIZaomQNQcsA88c7O9yZ4KMCoOg4KozySKCdSNG9OcqYQ0lCS_XOKyKQt2l-Fs.woff2 → 200 (?ms, -815B)
[2026-06-10T18:48:51.919Z] GET https://fonts.gstatic.com/s/plusjakartasans/v12/LDIoaomQNQcsA88c7O9yZ4KMCoOg4Ko20yygg_vb.woff2 → 200 (1ms, -815B)
[2026-06-10T18:48:51.920Z] GET http://localhost:3001/assets/logo_black.png → 304 (25ms, ?B)
[2026-06-10T18:48:51.944Z] GET http://localhost:3001/_next/static/chunks/%5Bturbopack%5D_browser_dev_hmr-client_hmr-client_ts_0yjw1oe._.js → 200 (21ms, ?B)
[2026-06-10T18:48:51.945Z] GET http://localhost:3001/_next/static/chunks/%5Bturbopack%5D_browser_dev_hmr-client_hmr-client_ts_10mygs7._.js → 200 (21ms, ?B)
[2026-06-10T18:48:51.968Z] GET http://localhost:3001/__nextjs_font/geist-latin.woff2 → 200 (?ms, -209B)
[2026-06-10T18:48:51.968Z] GET http://localhost:3001/__nextjs_font/geist-mono-latin.woff2 → 200 (?ms, -209B)
[2026-06-10T18:48:52.027Z] POST http://localhost:3001/__nextjs_original-stack-frames → 200 (10ms, 623B)
[2026-06-10T18:48:52.034Z] GET http://localhost:3001/assets/logo_white.png → 200 (3ms, 1145B)
[2026-06-10T18:48:57.721Z] GET http://localhost:3001/assets/2_success_home_a.png → 200 (2ms, ?B)
[2026-06-10T18:49:02.719Z] GET http://localhost:3001/assets/2_success_home_b.png → 200 (2ms, ?B)
[2026-06-10T18:49:12.713Z] GET http://localhost:3001/assets/2_success_home_a.png → 200 (2ms, ?B)
[2026-06-10T18:49:17.719Z] GET http://localhost:3001/assets/2_success_home_b.png → 200 (1ms, ?B)
[2026-06-10T18:49:22.713Z] GET http://localhost:3001/assets/2_success_home.png → 200 (2ms, ?B)
[2026-06-10T18:49:26.004Z] GET http://localhost:3001/en?_rsc=NZxgTPOJIjQxXY70 → 200 (209ms, 10318B)
[2026-06-10T18:49:26.006Z] GET http://localhost:3001/en?_rsc=NZxgTPOJIjQxXY70 → 200 (169ms, 10317B)
[2026-06-10T18:49:26.007Z] GET http://localhost:3001/en?_rsc=NZxgTPOJIjQxXY70 → 200 (127ms, 10317B)
[2026-06-10T18:49:26.008Z] GET http://localhost:3001/en?_rsc=NZxgTPOJIjQxXY70 → 200 (91ms, 10317B)
[2026-06-10T18:49:26.009Z] GET http://localhost:3001/en?_rsc=NZxgTPOJIjQxXY70 → 200 (36ms, 10317B)
[2026-06-10T18:49:27.712Z] GET http://localhost:3001/assets/2_success_home_a.png → 200 (2ms, ?B)
[2026-06-10T18:49:32.719Z] GET http://localhost:3001/assets/2_success_home_b.png → 200 (1ms, ?B)
[2026-06-10T18:49:33.925Z] GET http://localhost:3001/en → 200 (37ms, 17505B)
[2026-06-10T18:49:33.965Z] GET http://localhost:3001/_next/static/chunks/app_globals_0jn8.0u.css → 304 (5ms, ?B)
[2026-06-10T18:49:33.968Z] GET http://localhost:3001/assets/arrow-white.svg → 304 (2ms, ?B)
[2026-06-10T18:49:33.968Z] GET http://localhost:3001/assets/2_success_home.png → 200 (2ms, ?B)
[2026-06-10T18:49:33.968Z] GET http://localhost:3001/assets/LKF_Concepts.png → 304 (2ms, ?B)
[2026-06-10T18:49:33.968Z] GET http://localhost:3001/assets/HKU_Business_School.png → 304 (2ms, ?B)
[2026-06-10T18:49:33.968Z] GET http://localhost:3001/assets/City_Super.png → 304 (3ms, ?B)
[2026-06-10T18:49:33.968Z] GET http://localhost:3001/assets/Midea.png → 304 (4ms, ?B)
[2026-06-10T18:49:33.968Z] GET http://localhost:3001/assets/Christies.png → 304 (4ms, ?B)
[2026-06-10T18:49:33.968Z] GET http://localhost:3001/assets/Cyberport.png → 304 (9ms, ?B)
[2026-06-10T18:49:33.968Z] GET http://localhost:3001/assets/OOCL.png → 304 (4ms, ?B)
[2026-06-10T18:49:33.968Z] GET http://localhost:3001/assets/Payoneer.png → 304 (16ms, ?B)
[2026-06-10T18:49:33.968Z] GET http://localhost:3001/_next/static/chunks/%5Bturbopack%5D_browser_dev_hmr-client_hmr-client_ts_10z625~._.js → 200 (17ms, ?B)
[2026-06-10T18:49:33.968Z] GET http://localhost:3001/_next/static/chunks/node_modules_next_dist_compiled_next-devtools_index_0553esy.js → 200 (23ms, ?B)
[2026-06-10T18:49:33.968Z] GET http://localhost:3001/_next/static/chunks/node_modules_next_dist_compiled_react-dom_058-ah~._.js → 200 (20ms, ?B)
[2026-06-10T18:49:33.968Z] GET http://localhost:3001/_next/static/chunks/node_modules_next_dist_compiled_react-server-dom-turbopack_0p3wegg._.js → 200 (18ms, ?B)
[2026-06-10T18:49:33.968Z] GET http://localhost:3001/_next/static/chunks/node_modules_next_dist_compiled_0rpq4pf._.js → 200 (17ms, ?B)
[2026-06-10T18:49:33.968Z] GET http://localhost:3001/_next/static/chunks/node_modules_next_dist_client_0fhqo1d._.js → 200 (21ms, ?B)
[2026-06-10T18:49:33.968Z] GET http://localhost:3001/_next/static/chunks/node_modules_next_dist_115brz8._.js → 200 (20ms, ?B)
[2026-06-10T18:49:33.968Z] GET http://localhost:3001/_next/static/chunks/node_modules_%40swc_helpers_cjs_0-4ujiy._.js → 200 (20ms, ?B)
[2026-06-10T18:49:33.968Z] GET http://localhost:3001/_next/static/chunks/_0rqeker._.js → 200 (20ms, ?B)
[2026-06-10T18:49:33.968Z] GET http://localhost:3001/_next/static/chunks/turbopack-_0p44nws._.js → 200 (21ms, ?B)
[2026-06-10T18:49:33.968Z] GET http://localhost:3001/_next/static/chunks/node_modules_next_dist_0tt2wve._.js → 200 (30ms, ?B)
[2026-06-10T18:49:33.968Z] GET http://localhost:3001/_next/static/chunks/node_modules_next_dist_client_components_builtin_not-found_004glpo.js → 200 (21ms, ?B)
[2026-06-10T18:49:33.968Z] GET http://localhost:3001/_next/static/chunks/node_modules_05xzobi._.js → 200 (30ms, ?B)
[2026-06-10T18:49:33.968Z] GET http://localhost:3001/_next/static/chunks/components_0xx_.no._.js → 200 (30ms, ?B)
[2026-06-10T18:49:33.968Z] GET http://localhost:3001/_next/static/chunks/app_%5Blocale%5D_layout_tsx_004glpo._.js → 200 (30ms, ?B)
[2026-06-10T18:49:33.968Z] GET http://localhost:3001/_next/static/chunks/components_0_dbnvz._.js → 200 (30ms, ?B)
[2026-06-10T18:49:33.968Z] GET http://localhost:3001/_next/static/chunks/node_modules_next_0kva~xv._.js → 200 (30ms, ?B)
[2026-06-10T18:49:33.968Z] GET http://localhost:3001/_next/static/chunks/node_modules_gsap_0b.-ujv._.js → 200 (32ms, ?B)
[2026-06-10T18:49:33.968Z] GET http://localhost:3001/_next/static/chunks/node_modules_three_build_three_core_0qefhn6.js → 200 (59ms, ?B)
[2026-06-10T18:49:33.968Z] GET http://localhost:3001/_next/static/chunks/node_modules_three_build_three_module_024z3_h.js → 200 (59ms, ?B)
[2026-06-10T18:49:33.968Z] GET http://localhost:3001/_next/static/chunks/node_modules_next-intl_dist_esm_development_react-client_index_0vngosj.js → 200 (31ms, ?B)
[2026-06-10T18:49:33.968Z] GET http://localhost:3001/_next/static/chunks/app_%5Blocale%5D_page_tsx_0azkx.8._.js → 200 (31ms, ?B)
[2026-06-10T18:49:33.968Z] GET http://localhost:3001/_next/static/chunks/node_modules_next_dist_client_components_builtin_global-error_004glpo.js → 200 (31ms, ?B)
[2026-06-10T18:49:33.969Z] GET http://localhost:3001/assets/arrow-dark.svg → 304 (55ms, ?B)
[2026-06-10T18:49:33.969Z] GET https://fonts.googleapis.com/css2?family=JetBrains+Mono:wght@400;500;700&family=Plus+Jakarta+Sans:ital,wght@0,300;0,400;0,500;0,600;0,700;0,800;1,400&family=Instrument+Serif:ital@0;1&family=Starting+Lineup:ital@0;1&display=swap → 200 (?ms, -743B)
[2026-06-10T18:49:33.969Z] GET http://localhost:3001/assets/Kimberly-Clark.png → 304 (54ms, ?B)
[2026-06-10T18:49:33.969Z] GET http://localhost:3001/assets/HSBC.png → 304 (54ms, ?B)
[2026-06-10T18:49:33.969Z] GET http://localhost:3001/assets/2_areas_bg.png → 304 (55ms, ?B)
[2026-06-10T18:49:33.969Z] GET http://localhost:3001/assets/2_practice_01.png → 304 (55ms, ?B)
[2026-06-10T18:49:33.969Z] GET http://localhost:3001/assets/2_practice_02.png → 304 (55ms, ?B)
[2026-06-10T18:49:33.969Z] GET http://localhost:3001/assets/2_practice_03.png → 304 (55ms, ?B)
[2026-06-10T18:49:33.969Z] GET http://localhost:3001/assets/2_practice_04.png → 304 (56ms, ?B)
[2026-06-10T18:49:33.969Z] GET http://localhost:3001/assets/2_practice_05.png → 304 (56ms, ?B)
[2026-06-10T18:49:33.969Z] GET http://localhost:3001/assets/2_map.png → 304 (56ms, ?B)
[2026-06-10T18:49:33.970Z] GET http://localhost:3001/assets/byteplus%20logo.png → 304 (55ms, ?B)
[2026-06-10T18:49:33.970Z] GET http://localhost:3001/assets/footer%20image.png → 304 (56ms, ?B)
[2026-06-10T18:49:33.970Z] GET http://localhost:3001/assets/partner.mp4 → pending (?ms, ?B)
[2026-06-10T18:49:33.971Z] GET http://localhost:3001/assets/partner.mp4 → 206 (55ms, ?B)
[2026-06-10T18:49:33.976Z] GET https://fonts.gstatic.com/s/instrumentserif/v5/jizHRFtNs2ka5fXjeivQ4LroWlx-6zAjjH7Motmp5g.woff2 → 200 (?ms, -814B)
[2026-06-10T18:49:33.976Z] GET https://fonts.gstatic.com/s/jetbrainsmono/v24/tDbv2o-flEEny0FZhsfKu5WU4zr3E_BX0PnT8RD8yKwBNntkaToggR7BYRbKPxDcwgknk-4.woff2 → 200 (?ms, -814B)
[2026-06-10T18:49:33.976Z] GET https://fonts.gstatic.com/s/plusjakartasans/v12/LDIZaomQNQcsA88c7O9yZ4KMCoOg4KozySKCdSNG9OcqYQ0lCS_XOKyKQt2l-Fs.woff2 → 200 (?ms, -815B)
[2026-06-10T18:49:33.976Z] GET https://fonts.gstatic.com/s/plusjakartasans/v12/LDIoaomQNQcsA88c7O9yZ4KMCoOg4Ko20yygg_vb.woff2 → 200 (?ms, -815B)
[2026-06-10T18:49:33.984Z] GET http://localhost:3001/assets/logo_black.png → 200 (13ms, ?B)
[2026-06-10T18:49:33.996Z] GET http://localhost:3001/_next/static/chunks/%5Bturbopack%5D_browser_dev_hmr-client_hmr-client_ts_0yjw1oe._.js → 200 (31ms, ?B)
[2026-06-10T18:49:33.997Z] GET http://localhost:3001/_next/static/chunks/%5Bturbopack%5D_browser_dev_hmr-client_hmr-client_ts_10mygs7._.js → 200 (30ms, ?B)
[2026-06-10T18:49:34.021Z] GET http://localhost:3001/__nextjs_font/geist-latin.woff2 → 200 (1ms, -209B)
[2026-06-10T18:49:34.023Z] GET http://localhost:3001/__nextjs_font/geist-mono-latin.woff2 → 200 (?ms, -209B)
[2026-06-10T18:49:34.053Z] GET http://localhost:3001/assets/partner.mp4 → 206 (5ms, ?B)
[2026-06-10T18:49:34.085Z] GET http://localhost:3001/assets/logo_white.png → 304 (?ms, ?B)
[2026-06-10T18:49:39.778Z] GET http://localhost:3001/assets/2_success_home_a.png → 200 (2ms, ?B)
[2026-06-10T18:49:44.777Z] GET http://localhost:3001/assets/2_success_home_b.png → 200 (1ms, ?B)
[2026-06-10T18:49:49.778Z] GET http://localhost:3001/assets/2_success_home.png → 200 (2ms, ?B)
[2026-06-10T18:49:54.677Z] GET http://localhost:3001/en/solutions → 200 (73ms, 12851B)
[2026-06-10T18:49:54.753Z] GET http://localhost:3001/_next/static/chunks/app_globals_0jn8.0u.css → 304 (7ms, ?B)
[2026-06-10T18:49:54.755Z] GET http://localhost:3001/assets/2_hero_Product.png → 200 (30ms, 1219651B)
[2026-06-10T18:49:54.755Z] GET http://localhost:3001/assets/2_practice_01.png → 304 (28ms, ?B)
[2026-06-10T18:49:54.755Z] GET http://localhost:3001/assets/solutions_01.png → 200 (30ms, 10020B)
[2026-06-10T18:49:54.755Z] GET http://localhost:3001/assets/arrow-white.svg → 304 (30ms, ?B)
[2026-06-10T18:49:54.755Z] GET http://localhost:3001/_next/static/chunks/%5Bturbopack%5D_browser_dev_hmr-client_hmr-client_ts_10z625~._.js → 200 (30ms, ?B)
[2026-06-10T18:49:54.755Z] GET http://localhost:3001/_next/static/chunks/node_modules_next_dist_compiled_next-devtools_index_0553esy.js → 200 (33ms, ?B)
[2026-06-10T18:49:54.757Z] GET http://localhost:3001/_next/static/chunks/node_modules_next_dist_compiled_react-dom_058-ah~._.js → 200 (31ms, ?B)
[2026-06-10T18:49:54.757Z] GET http://localhost:3001/_next/static/chunks/node_modules_next_dist_compiled_react-server-dom-turbopack_0p3wegg._.js → 200 (29ms, ?B)
[2026-06-10T18:49:54.757Z] GET http://localhost:3001/_next/static/chunks/node_modules_next_dist_compiled_0rpq4pf._.js → 200 (29ms, ?B)
[2026-06-10T18:49:54.757Z] GET http://localhost:3001/_next/static/chunks/node_modules_next_dist_client_0fhqo1d._.js → 200 (31ms, ?B)
[2026-06-10T18:49:54.757Z] GET http://localhost:3001/_next/static/chunks/node_modules_next_dist_115brz8._.js → 200 (44ms, ?B)
[2026-06-10T18:49:54.757Z] GET http://localhost:3001/_next/static/chunks/node_modules_%40swc_helpers_cjs_0-4ujiy._.js → 200 (44ms, ?B)
[2026-06-10T18:49:54.757Z] GET http://localhost:3001/_next/static/chunks/_0rqeker._.js → 200 (43ms, ?B)
[2026-06-10T18:49:54.758Z] GET http://localhost:3001/_next/static/chunks/turbopack-_0p44nws._.js → 200 (43ms, ?B)
[2026-06-10T18:49:54.758Z] GET http://localhost:3001/_next/static/chunks/node_modules_next_dist_0tt2wve._.js → 200 (44ms, ?B)
[2026-06-10T18:49:54.758Z] GET http://localhost:3001/_next/static/chunks/node_modules_next_dist_client_components_builtin_not-found_004glpo.js → 200 (43ms, ?B)
[2026-06-10T18:49:54.758Z] GET http://localhost:3001/_next/static/chunks/node_modules_next_dist_client_components_builtin_global-error_004glpo.js → 200 (44ms, ?B)
[2026-06-10T18:49:54.758Z] GET http://localhost:3001/_next/static/chunks/node_modules_05xzobi._.js → 200 (44ms, ?B)
[2026-06-10T18:49:54.758Z] GET http://localhost:3001/_next/static/chunks/components_0xx_.no._.js → 200 (44ms, ?B)
[2026-06-10T18:49:54.758Z] GET http://localhost:3001/_next/static/chunks/app_%5Blocale%5D_layout_tsx_004glpo._.js → 200 (44ms, ?B)
[2026-06-10T18:49:54.759Z] GET http://localhost:3001/_next/static/chunks/node_modules_0cm289c._.js → 200 (58ms, 76260B)
[2026-06-10T18:49:54.759Z] GET http://localhost:3001/_next/static/chunks/components_0a~.zd7._.js → 200 (57ms, 11478B)
[2026-06-10T18:49:54.759Z] GET http://localhost:3001/_next/static/chunks/app_%5Blocale%5D_solutions_page_tsx_0azkx.8._.js → 200 (48ms, 293B)
[2026-06-10T18:49:54.759Z] GET https://fonts.googleapis.com/css2?family=JetBrains+Mono:wght@400;500;700&family=Plus+Jakarta+Sans:ital,wght@0,300;0,400;0,500;0,600;0,700;0,800;1,400&family=Instrument+Serif:ital@0;1&family=Starting+Lineup:ital@0;1&display=swap → 200 (?ms, -743B)
[2026-06-10T18:49:54.760Z] GET http://localhost:3001/assets/basicwarevideo.mp4 → 206 (40ms, 7354392B)
[2026-06-10T18:49:54.772Z] GET https://fonts.gstatic.com/s/instrumentserif/v5/jizHRFtNs2ka5fXjeivQ4LroWlx-6zAjjH7Motmp5g.woff2 → 200 (1ms, -814B)
[2026-06-10T18:49:54.773Z] GET https://fonts.gstatic.com/s/jetbrainsmono/v24/tDbv2o-flEEny0FZhsfKu5WU4zr3E_BX0PnT8RD8yKwBNntkaToggR7BYRbKPxDcwgknk-4.woff2 → 200 (4ms, -814B)
[2026-06-10T18:49:54.777Z] GET https://fonts.gstatic.com/s/plusjakartasans/v12/LDIZaomQNQcsA88c7O9yZ4KMCoOg4KozySKCdSNG9OcqYQ0lCS_XOKyKQt2l-Fs.woff2 → 200 (3ms, -815B)
[2026-06-10T18:49:54.781Z] GET https://fonts.gstatic.com/s/plusjakartasans/v12/LDIoaomQNQcsA88c7O9yZ4KMCoOg4Ko20yygg_vb.woff2 → 200 (2ms, -815B)
[2026-06-10T18:49:54.783Z] GET http://localhost:3001/assets/logo_black.png → 200 (6ms, ?B)
[2026-06-10T18:49:54.816Z] GET http://localhost:3001/_next/static/chunks/%5Bturbopack%5D_browser_dev_hmr-client_hmr-client_ts_0yjw1oe._.js → 200 (4ms, ?B)
[2026-06-10T18:49:54.816Z] GET http://localhost:3001/_next/static/chunks/%5Bturbopack%5D_browser_dev_hmr-client_hmr-client_ts_10mygs7._.js → 200 (4ms, ?B)
[2026-06-10T18:49:54.843Z] GET http://localhost:3001/__nextjs_font/geist-latin.woff2 → 200 (?ms, -209B)
[2026-06-10T18:49:54.843Z] GET http://localhost:3001/__nextjs_font/geist-mono-latin.woff2 → 200 (?ms, -209B)
[2026-06-10T18:49:59.217Z] GET http://localhost:3001/en/success-stories → 200 (45ms, 13368B)
[2026-06-10T18:49:59.267Z] GET http://localhost:3001/_next/static/chunks/app_globals_0jn8.0u.css → 304 (2ms, ?B)
[2026-06-10T18:49:59.267Z] GET http://localhost:3001/assets/2_Customers_hero.png → 200 (3ms, 1296623B)
[2026-06-10T18:49:59.267Z] GET http://localhost:3001/assets/LKF_Concepts.png → 200 (2ms, ?B)
[2026-06-10T18:49:59.267Z] GET http://localhost:3001/assets/HKU_Business_School.png → 200 (2ms, ?B)
[2026-06-10T18:49:59.267Z] GET http://localhost:3001/assets/City_Super.png → 200 (5ms, ?B)
[2026-06-10T18:49:59.267Z] GET http://localhost:3001/assets/Midea.png → 200 (5ms, ?B)
[2026-06-10T18:49:59.267Z] GET http://localhost:3001/assets/Christies.png → 200 (6ms, ?B)
[2026-06-10T18:49:59.267Z] GET http://localhost:3001/assets/Cyberport.png → 200 (6ms, ?B)
[2026-06-10T18:49:59.267Z] GET http://localhost:3001/assets/OOCL.png → 200 (6ms, ?B)
[2026-06-10T18:49:59.267Z] GET http://localhost:3001/assets/Payoneer.png → 200 (9ms, ?B)
[2026-06-10T18:49:59.268Z] GET http://localhost:3001/assets/Kimberly-Clark.png → 200 (8ms, ?B)
[2026-06-10T18:49:59.268Z] GET http://localhost:3001/_next/static/chunks/%5Bturbopack%5D_browser_dev_hmr-client_hmr-client_ts_10z625~._.js → 200 (10ms, ?B)
[2026-06-10T18:49:59.268Z] GET http://localhost:3001/_next/static/chunks/node_modules_next_dist_compiled_next-devtools_index_0553esy.js → 200 (22ms, ?B)
[2026-06-10T18:49:59.268Z] GET http://localhost:3001/_next/static/chunks/node_modules_next_dist_compiled_react-dom_058-ah~._.js → 200 (19ms, ?B)
[2026-06-10T18:49:59.268Z] GET http://localhost:3001/_next/static/chunks/node_modules_next_dist_compiled_react-server-dom-turbopack_0p3wegg._.js → 200 (11ms, ?B)
[2026-06-10T18:49:59.268Z] GET http://localhost:3001/_next/static/chunks/node_modules_next_dist_compiled_0rpq4pf._.js → 200 (11ms, ?B)
[2026-06-10T18:49:59.268Z] GET http://localhost:3001/_next/static/chunks/node_modules_next_dist_client_0fhqo1d._.js → 200 (23ms, ?B)
[2026-06-10T18:49:59.268Z] GET http://localhost:3001/_next/static/chunks/node_modules_next_dist_115brz8._.js → 200 (20ms, ?B)
[2026-06-10T18:49:59.268Z] GET http://localhost:3001/_next/static/chunks/node_modules_%40swc_helpers_cjs_0-4ujiy._.js → 200 (23ms, ?B)
[2026-06-10T18:49:59.268Z] GET http://localhost:3001/_next/static/chunks/_0rqeker._.js → 200 (22ms, ?B)
[2026-06-10T18:49:59.268Z] GET http://localhost:3001/_next/static/chunks/turbopack-_0p44nws._.js → 200 (22ms, ?B)
[2026-06-10T18:49:59.268Z] GET http://localhost:3001/_next/static/chunks/node_modules_next_dist_0tt2wve._.js → 200 (26ms, ?B)
[2026-06-10T18:49:59.268Z] GET http://localhost:3001/_next/static/chunks/node_modules_next_dist_client_components_builtin_not-found_004glpo.js → 200 (26ms, ?B)
[2026-06-10T18:49:59.268Z] GET http://localhost:3001/_next/static/chunks/node_modules_next_dist_client_components_builtin_global-error_004glpo.js → 200 (26ms, ?B)
[2026-06-10T18:49:59.268Z] GET http://localhost:3001/_next/static/chunks/node_modules_05xzobi._.js → pending (?ms, ?B)
[2026-06-10T18:49:59.268Z] GET http://localhost:3001/_next/static/chunks/components_0xx_.no._.js → 200 (26ms, ?B)
[2026-06-10T18:49:59.268Z] GET http://localhost:3001/_next/static/chunks/app_%5Blocale%5D_layout_tsx_004glpo._.js → pending (?ms, ?B)
[2026-06-10T18:49:59.268Z] GET http://localhost:3001/_next/static/chunks/node_modules_0cm289c._.js → pending (?ms, ?B)
[2026-06-10T18:49:59.268Z] GET http://localhost:3001/_next/static/chunks/_0j.nz05._.js → pending (?ms, ?B)
[2026-06-10T18:49:59.268Z] GET http://localhost:3001/_next/static/chunks/app_%5Blocale%5D_success-stories_page_tsx_0azkx.8._.js → pending (?ms, ?B)
[2026-06-10T18:49:59.268Z] GET https://fonts.googleapis.com/css2?family=JetBrains+Mono:wght@400;500;700&family=Plus+Jakarta+Sans:ital,wght@0,300;0,400;0,500;0,600;0,700;0,800;1,400&family=Instrument+Serif:ital@0;1&family=Starting+Lineup:ital@0;1&display=swap → 200 (?ms, -743B)
[2026-06-10T18:49:59.269Z] GET http://localhost:3001/assets/HSBC.png → 200 (18ms, ?B)
[2026-06-10T18:49:59.269Z] GET http://localhost:3001/assets/case_01.png → pending (?ms, ?B)
[2026-06-10T18:49:59.269Z] GET http://localhost:3001/assets/case_02.png → pending (?ms, ?B)
[2026-06-10T18:49:59.269Z] GET http://localhost:3001/assets/case_04.png → pending (?ms, ?B)
[2026-06-10T18:49:59.269Z] GET http://localhost:3001/assets/case_03.png → pending (?ms, ?B)
[2026-06-10T18:49:59.269Z] GET http://localhost:3001/assets/case_05.png → pending (?ms, ?B)
[2026-06-10T18:49:59.269Z] GET http://localhost:3001/assets/case_06.png → pending (?ms, ?B)
[2026-06-10T18:49:59.269Z] GET http://localhost:3001/assets/arrow.svg → pending (?ms, ?B)
[2026-06-10T18:49:59.271Z] GET https://fonts.gstatic.com/s/instrumentserif/v5/jizHRFtNs2ka5fXjeivQ4LroWlx-6zAjjH7Motmp5g.woff2 → 200 (?ms, -814B)
[2026-06-10T18:49:59.271Z] GET https://fonts.gstatic.com/s/jetbrainsmono/v24/tDbv2o-flEEny0FZhsfKu5WU4zr3E_BX0PnT8RD8yKwBNntkaToggR7BYRbKPxDcwgknk-4.woff2 → 200 (?ms, -814B)
[2026-06-10T18:49:59.271Z] GET https://fonts.gstatic.com/s/plusjakartasans/v12/LDIZaomQNQcsA88c7O9yZ4KMCoOg4KozySKCdSNG9OcqYQ0lCS_XOKyKQt2l-Fs.woff2 → 200 (?ms, -815B)
[2026-06-10T18:49:59.271Z] GET https://fonts.gstatic.com/s/plusjakartasans/v12/LDIoaomQNQcsA88c7O9yZ4KMCoOg4Ko20yygg_vb.woff2 → 200 (1ms, -815B)
[2026-06-10T18:49:59.278Z] GET http://localhost:3001/assets/logo_black.png → pending (?ms, ?B)
[2026-06-10T18:49:59.278Z] GET http://localhost:3001/assets/arrow-white.svg → pending (?ms, ?B)
[2026-06-10T18:49:59.293Z] GET http://localhost:3001/_next/static/chunks/%5Bturbopack%5D_browser_dev_hmr-client_hmr-client_ts_0yjw1oe._.js → pending (?ms, ?B)
[2026-06-10T18:49:59.294Z] GET http://localhost:3001/_next/static/chunks/%5Bturbopack%5D_browser_dev_hmr-client_hmr-client_ts_10mygs7._.js → pending (?ms, ?B)
[2026-06-10T18:49:59.325Z] GET http://localhost:3001/__nextjs_font/geist-latin.woff2 → 200 (?ms, -209B)
[2026-06-10T18:49:59.325Z] GET http://localhost:3001/__nextjs_font/geist-mono-latin.woff2 → 200 (1ms, -209B)
[2026-06-10T18:50:21.141Z] GET http://localhost:3001/en/about → 200 (56ms, 15834B)
[2026-06-10T18:50:21.201Z] GET http://localhost:3001/_next/static/chunks/app_globals_0jn8.0u.css → 304 (5ms, ?B)
[2026-06-10T18:50:21.201Z] GET http://localhost:3001/assets/about_01.avif → 200 (10ms, 120297B)
[2026-06-10T18:50:21.201Z] GET http://localhost:3001/assets/LKF_Concepts.png → 304 (6ms, ?B)
[2026-06-10T18:50:21.201Z] GET http://localhost:3001/assets/HKU_Business_School.png → 304 (10ms, ?B)
[2026-06-10T18:50:21.201Z] GET http://localhost:3001/assets/City_Super.png → 304 (10ms, ?B)
[2026-06-10T18:50:21.201Z] GET http://localhost:3001/assets/Midea.png → 304 (10ms, ?B)
[2026-06-10T18:50:21.201Z] GET http://localhost:3001/assets/Christies.png → 304 (14ms, ?B)
[2026-06-10T18:50:21.202Z] GET http://localhost:3001/assets/Cyberport.png → 304 (13ms, ?B)
[2026-06-10T18:50:21.202Z] GET http://localhost:3001/assets/OOCL.png → 304 (14ms, ?B)
[2026-06-10T18:50:21.203Z] GET http://localhost:3001/assets/Payoneer.png → 304 (16ms, ?B)
[2026-06-10T18:50:21.203Z] GET http://localhost:3001/assets/Kimberly-Clark.png → 304 (17ms, ?B)
[2026-06-10T18:50:21.203Z] GET http://localhost:3001/_next/static/chunks/%5Bturbopack%5D_browser_dev_hmr-client_hmr-client_ts_10z625~._.js → 200 (17ms, ?B)
[2026-06-10T18:50:21.203Z] GET http://localhost:3001/_next/static/chunks/node_modules_next_dist_compiled_next-devtools_index_0553esy.js → 200 (23ms, ?B)
[2026-06-10T18:50:21.203Z] GET http://localhost:3001/_next/static/chunks/node_modules_next_dist_compiled_react-dom_058-ah~._.js → 200 (20ms, ?B)
[2026-06-10T18:50:21.203Z] GET http://localhost:3001/_next/static/chunks/node_modules_next_dist_compiled_react-server-dom-turbopack_0p3wegg._.js → 200 (17ms, ?B)
[2026-06-10T18:50:21.203Z] GET http://localhost:3001/_next/static/chunks/node_modules_next_dist_compiled_0rpq4pf._.js → 200 (17ms, ?B)
[2026-06-10T18:50:21.203Z] GET http://localhost:3001/_next/static/chunks/node_modules_next_dist_client_0fhqo1d._.js → 200 (17ms, ?B)
[2026-06-10T18:50:21.203Z] GET http://localhost:3001/_next/static/chunks/node_modules_next_dist_115brz8._.js → 200 (17ms, ?B)
[2026-06-10T18:50:21.203Z] GET http://localhost:3001/_next/static/chunks/node_modules_%40swc_helpers_cjs_0-4ujiy._.js → 200 (17ms, ?B)
[2026-06-10T18:50:21.203Z] GET http://localhost:3001/_next/static/chunks/_0rqeker._.js → 200 (17ms, ?B)
[2026-06-10T18:50:21.203Z] GET http://localhost:3001/_next/static/chunks/turbopack-_0p44nws._.js → 200 (20ms, ?B)
[2026-06-10T18:50:21.203Z] GET http://localhost:3001/_next/static/chunks/node_modules_next_dist_0tt2wve._.js → 200 (20ms, ?B)
[2026-06-10T18:50:21.203Z] GET http://localhost:3001/_next/static/chunks/node_modules_next_dist_client_components_builtin_not-found_004glpo.js → 200 (20ms, ?B)
[2026-06-10T18:50:21.203Z] GET http://localhost:3001/_next/static/chunks/node_modules_05xzobi._.js → 200 (60ms, ?B)
[2026-06-10T18:50:21.203Z] GET http://localhost:3001/_next/static/chunks/components_0xx_.no._.js → 200 (22ms, ?B)
[2026-06-10T18:50:21.203Z] GET http://localhost:3001/_next/static/chunks/app_%5Blocale%5D_layout_tsx_004glpo._.js → 200 (59ms, ?B)
[2026-06-10T18:50:21.203Z] GET http://localhost:3001/_next/static/chunks/node_modules_0qnzh8r._.js → 200 (61ms, 36410B)
[2026-06-10T18:50:21.203Z] GET http://localhost:3001/_next/static/chunks/components_02pkogz._.js → 200 (61ms, 7327B)
[2026-06-10T18:50:21.204Z] GET http://localhost:3001/_next/static/chunks/app_%5Blocale%5D_about_page_tsx_0azkx.8._.js → 200 (60ms, 293B)
[2026-06-10T18:50:21.204Z] GET http://localhost:3001/_next/static/chunks/node_modules_next_dist_client_components_builtin_global-error_004glpo.js → 200 (59ms, ?B)
[2026-06-10T18:50:21.204Z] GET http://localhost:3001/assets/arrow-dark.svg → 200 (57ms, ?B)
[2026-06-10T18:50:21.205Z] GET https://fonts.googleapis.com/css2?family=JetBrains+Mono:wght@400;500;700&family=Plus+Jakarta+Sans:ital,wght@0,300;0,400;0,500;0,600;0,700;0,800;1,400&family=Instrument+Serif:ital@0;1&family=Starting+Lineup:ital@0;1&display=swap → 200 (?ms, -743B)
[2026-06-10T18:50:21.206Z] GET http://localhost:3001/assets/HSBC.png → 304 (56ms, ?B)
[2026-06-10T18:50:21.206Z] GET http://localhost:3001/assets/about_02.avif → 200 (56ms, 159619B)
[2026-06-10T18:50:21.206Z] GET http://localhost:3001/assets/about_03.avif → 200 (56ms, 288675B)
[2026-06-10T18:50:21.206Z] GET http://localhost:3001/assets/Paul.png → 200 (56ms, 19140B)
[2026-06-10T18:50:21.206Z] GET http://localhost:3001/assets/Zane.png → 200 (56ms, 20639B)
[2026-06-10T18:50:21.206Z] GET http://localhost:3001/assets/Fox.png → 200 (56ms, 20971B)
[2026-06-10T18:50:21.218Z] GET https://fonts.gstatic.com/s/instrumentserif/v5/jizHRFtNs2ka5fXjeivQ4LroWlx-6zAjjH7Motmp5g.woff2 → 200 (1ms, -814B)
[2026-06-10T18:50:21.219Z] GET https://fonts.gstatic.com/s/jetbrainsmono/v24/tDbv2o-flEEny0FZhsfKu5WU4zr3E_BX0PnT8RD8yKwBNntkaToggR7BYRbKPxDcwgknk-4.woff2 → 200 (?ms, -814B)
[2026-06-10T18:50:21.219Z] GET https://fonts.gstatic.com/s/plusjakartasans/v12/LDIZaomQNQcsA88c7O9yZ4KMCoOg4KozySKCdSNG9OcqYQ0lCS_XOKyKQt2l-Fs.woff2 → 200 (?ms, -815B)
[2026-06-10T18:50:21.219Z] GET https://fonts.gstatic.com/s/plusjakartasans/v12/LDIoaomQNQcsA88c7O9yZ4KMCoOg4Ko20yygg_vb.woff2 → 200 (?ms, -815B)
[2026-06-10T18:50:21.220Z] GET http://localhost:3001/assets/logo_black.png → 304 (16ms, ?B)
[2026-06-10T18:50:21.220Z] GET http://localhost:3001/assets/arrow-white.svg → 304 (42ms, ?B)
[2026-06-10T18:50:21.235Z] GET http://localhost:3001/_next/static/chunks/%5Bturbopack%5D_browser_dev_hmr-client_hmr-client_ts_0yjw1oe._.js → 200 (29ms, ?B)
[2026-06-10T18:50:21.236Z] GET http://localhost:3001/_next/static/chunks/%5Bturbopack%5D_browser_dev_hmr-client_hmr-client_ts_10mygs7._.js → 200 (28ms, ?B)
[2026-06-10T18:50:21.267Z] GET http://localhost:3001/__nextjs_font/geist-latin.woff2 → 200 (?ms, -209B)
[2026-06-10T18:50:21.267Z] GET http://localhost:3001/__nextjs_font/geist-mono-latin.woff2 → 200 (1ms, -209B)
[2026-06-10T18:50:24.604Z] GET http://localhost:3001/en/contact → 200 (38ms, 13997B)
[2026-06-10T18:50:24.644Z] GET http://localhost:3001/_next/static/chunks/app_globals_0jn8.0u.css → 304 (3ms, ?B)
[2026-06-10T18:50:24.646Z] GET http://localhost:3001/assets/hero_bg.png → 200 (2ms, 1417427B)
[2026-06-10T18:50:24.646Z] GET http://localhost:3001/assets/arrow-dark.svg → 304 (1ms, ?B)
[2026-06-10T18:50:24.646Z] GET http://localhost:3001/_next/static/chunks/%5Bturbopack%5D_browser_dev_hmr-client_hmr-client_ts_10z625~._.js → 304 (5ms, ?B)
[2026-06-10T18:50:24.646Z] GET http://localhost:3001/_next/static/chunks/node_modules_next_dist_compiled_next-devtools_index_0553esy.js → 304 (5ms, ?B)
[2026-06-10T18:50:24.646Z] GET http://localhost:3001/_next/static/chunks/node_modules_next_dist_compiled_react-dom_058-ah~._.js → 304 (3ms, ?B)
[2026-06-10T18:50:24.646Z] GET http://localhost:3001/_next/static/chunks/node_modules_next_dist_compiled_react-server-dom-turbopack_0p3wegg._.js → 304 (5ms, ?B)
[2026-06-10T18:50:24.646Z] GET http://localhost:3001/_next/static/chunks/node_modules_next_dist_compiled_0rpq4pf._.js → 304 (13ms, ?B)
[2026-06-10T18:50:24.646Z] GET http://localhost:3001/_next/static/chunks/node_modules_next_dist_client_0fhqo1d._.js → 304 (16ms, ?B)
[2026-06-10T18:50:24.646Z] GET http://localhost:3001/_next/static/chunks/node_modules_next_dist_115brz8._.js → 304 (16ms, ?B)
[2026-06-10T18:50:24.646Z] GET http://localhost:3001/_next/static/chunks/node_modules_%40swc_helpers_cjs_0-4ujiy._.js → 304 (16ms, ?B)
[2026-06-10T18:50:24.646Z] GET http://localhost:3001/_next/static/chunks/_0rqeker._.js → 304 (16ms, ?B)
[2026-06-10T18:50:24.646Z] GET http://localhost:3001/_next/static/chunks/turbopack-_0p44nws._.js → 304 (16ms, ?B)
[2026-06-10T18:50:24.646Z] GET http://localhost:3001/_next/static/chunks/node_modules_next_dist_0tt2wve._.js → 304 (16ms, ?B)
[2026-06-10T18:50:24.646Z] GET http://localhost:3001/_next/static/chunks/node_modules_next_dist_client_components_builtin_not-found_004glpo.js → 304 (17ms, ?B)
[2026-06-10T18:50:24.646Z] GET http://localhost:3001/_next/static/chunks/node_modules_05xzobi._.js → 304 (41ms, ?B)
[2026-06-10T18:50:24.646Z] GET http://localhost:3001/_next/static/chunks/components_0xx_.no._.js → 304 (41ms, ?B)
[2026-06-10T18:50:24.646Z] GET http://localhost:3001/_next/static/chunks/app_%5Blocale%5D_layout_tsx_004glpo._.js → 304 (41ms, ?B)
[2026-06-10T18:50:24.646Z] GET http://localhost:3001/_next/static/chunks/node_modules_0qnzh8r._.js → 304 (41ms, ?B)
[2026-06-10T18:50:24.647Z] GET http://localhost:3001/_next/static/chunks/components_0nltavz._.js → 200 (42ms, 7501B)
[2026-06-10T18:50:24.647Z] GET http://localhost:3001/_next/static/chunks/app_%5Blocale%5D_contact_page_tsx_0azkx.8._.js → 200 (41ms, 293B)
[2026-06-10T18:50:24.647Z] GET http://localhost:3001/_next/static/chunks/node_modules_next_dist_client_components_builtin_global-error_004glpo.js → 304 (40ms, ?B)
[2026-06-10T18:50:24.647Z] GET https://fonts.googleapis.com/css2?family=JetBrains+Mono:wght@400;500;700&family=Plus+Jakarta+Sans:ital,wght@0,300;0,400;0,500;0,600;0,700;0,800;1,400&family=Instrument+Serif:ital@0;1&family=Starting+Lineup:ital@0;1&display=swap → 200 (?ms, -743B)
[2026-06-10T18:50:24.658Z] GET https://fonts.gstatic.com/s/instrumentserif/v5/jizHRFtNs2ka5fXjeivQ4LroWlx-6zAjjH7Motmp5g.woff2 → 200 (?ms, -814B)
[2026-06-10T18:50:24.659Z] GET https://fonts.gstatic.com/s/jetbrainsmono/v24/tDbv2o-flEEny0FZhsfKu5WU4zr3E_BX0PnT8RD8yKwBNntkaToggR7BYRbKPxDcwgknk-4.woff2 → 200 (?ms, -814B)
[2026-06-10T18:50:24.659Z] GET https://fonts.gstatic.com/s/plusjakartasans/v12/LDIZaomQNQcsA88c7O9yZ4KMCoOg4KozySKCdSNG9OcqYQ0lCS_XOKyKQt2l-Fs.woff2 → 200 (?ms, -815B)
[2026-06-10T18:50:24.659Z] GET https://fonts.gstatic.com/s/plusjakartasans/v12/LDIoaomQNQcsA88c7O9yZ4KMCoOg4Ko20yygg_vb.woff2 → 200 (?ms, -815B)
[2026-06-10T18:50:24.659Z] GET http://localhost:3001/assets/logo_black.png → 304 (21ms, ?B)
[2026-06-10T18:50:24.659Z] GET http://localhost:3001/assets/arrow-white.svg → 304 (21ms, ?B)
[2026-06-10T18:50:24.680Z] GET http://localhost:3001/_next/static/chunks/%5Bturbopack%5D_browser_dev_hmr-client_hmr-client_ts_0yjw1oe._.js → 304 (9ms, ?B)
[2026-06-10T18:50:24.680Z] GET http://localhost:3001/_next/static/chunks/%5Bturbopack%5D_browser_dev_hmr-client_hmr-client_ts_10mygs7._.js → 304 (9ms, ?B)
[2026-06-10T18:50:24.695Z] GET http://localhost:3001/__nextjs_font/geist-latin.woff2 → 200 (?ms, -209B)
[2026-06-10T18:50:24.695Z] GET http://localhost:3001/__nextjs_font/geist-mono-latin.woff2 → 200 (?ms, -209B)
[2026-06-10T18:50:28.049Z] GET http://localhost:3001/zh → 200 (37ms, 18373B)
[2026-06-10T18:50:28.091Z] GET http://localhost:3001/_next/static/chunks/app_globals_0jn8.0u.css → 304 (3ms, ?B)
[2026-06-10T18:50:28.091Z] GET http://localhost:3001/assets/arrow-white.svg → 304 (3ms, ?B)
[2026-06-10T18:50:28.091Z] GET http://localhost:3001/assets/2_success_home.png → 200 (3ms, ?B)
[2026-06-10T18:50:28.091Z] GET http://localhost:3001/assets/LKF_Concepts.png → 304 (3ms, ?B)
[2026-06-10T18:50:28.091Z] GET http://localhost:3001/assets/HKU_Business_School.png → 304 (3ms, ?B)
[2026-06-10T18:50:28.091Z] GET http://localhost:3001/assets/City_Super.png → 304 (3ms, ?B)
[2026-06-10T18:50:28.091Z] GET http://localhost:3001/assets/Midea.png → 304 (5ms, ?B)
[2026-06-10T18:50:28.091Z] GET http://localhost:3001/assets/Christies.png → 304 (6ms, ?B)
[2026-06-10T18:50:28.091Z] GET http://localhost:3001/assets/Cyberport.png → 304 (6ms, ?B)
[2026-06-10T18:50:28.091Z] GET http://localhost:3001/assets/OOCL.png → 304 (6ms, ?B)
[2026-06-10T18:50:28.091Z] GET http://localhost:3001/assets/Payoneer.png → 304 (6ms, ?B)
[2026-06-10T18:50:28.091Z] GET http://localhost:3001/_next/static/chunks/%5Bturbopack%5D_browser_dev_hmr-client_hmr-client_ts_10z625~._.js → 304 (61ms, ?B)
[2026-06-10T18:50:28.091Z] GET http://localhost:3001/_next/static/chunks/node_modules_next_dist_compiled_next-devtools_index_0553esy.js → 304 (61ms, ?B)
[2026-06-10T18:50:28.091Z] GET http://localhost:3001/_next/static/chunks/node_modules_next_dist_compiled_react-dom_058-ah~._.js → 304 (61ms, ?B)
[2026-06-10T18:50:28.091Z] GET http://localhost:3001/_next/static/chunks/node_modules_next_dist_compiled_react-server-dom-turbopack_0p3wegg._.js → 304 (61ms, ?B)
[2026-06-10T18:50:28.091Z] GET http://localhost:3001/_next/static/chunks/node_modules_next_dist_compiled_0rpq4pf._.js → 304 (61ms, ?B)
[2026-06-10T18:50:28.091Z] GET http://localhost:3001/_next/static/chunks/node_modules_next_dist_client_0fhqo1d._.js → 304 (61ms, ?B)
[2026-06-10T18:50:28.091Z] GET http://localhost:3001/_next/static/chunks/node_modules_next_dist_115brz8._.js → 304 (61ms, ?B)
[2026-06-10T18:50:28.091Z] GET http://localhost:3001/_next/static/chunks/node_modules_%40swc_helpers_cjs_0-4ujiy._.js → 304 (62ms, ?B)
[2026-06-10T18:50:28.091Z] GET http://localhost:3001/_next/static/chunks/_0rqeker._.js → 304 (62ms, ?B)
[2026-06-10T18:50:28.091Z] GET http://localhost:3001/_next/static/chunks/turbopack-_0p44nws._.js → 304 (62ms, ?B)
[2026-06-10T18:50:28.091Z] GET http://localhost:3001/_next/static/chunks/node_modules_next_dist_0tt2wve._.js → 304 (62ms, ?B)
[2026-06-10T18:50:28.091Z] GET http://localhost:3001/_next/static/chunks/node_modules_next_dist_client_components_builtin_not-found_004glpo.js → 304 (62ms, ?B)
[2026-06-10T18:50:28.091Z] GET http://localhost:3001/_next/static/chunks/node_modules_05xzobi._.js → 304 (62ms, ?B)
[2026-06-10T18:50:28.091Z] GET http://localhost:3001/_next/static/chunks/components_0xx_.no._.js → 304 (62ms, ?B)
[2026-06-10T18:50:28.091Z] GET http://localhost:3001/_next/static/chunks/app_%5Blocale%5D_layout_tsx_004glpo._.js → 304 (62ms, ?B)
[2026-06-10T18:50:28.091Z] GET http://localhost:3001/_next/static/chunks/components_0_dbnvz._.js → 200 (62ms, ?B)
[2026-06-10T18:50:28.091Z] GET http://localhost:3001/_next/static/chunks/node_modules_next_0kva~xv._.js → 200 (62ms, ?B)
[2026-06-10T18:50:28.091Z] GET http://localhost:3001/_next/static/chunks/node_modules_gsap_0b.-ujv._.js → 200 (62ms, ?B)
[2026-06-10T18:50:28.091Z] GET http://localhost:3001/_next/static/chunks/node_modules_three_build_three_core_0qefhn6.js → 200 (63ms, ?B)
[2026-06-10T18:50:28.091Z] GET http://localhost:3001/_next/static/chunks/node_modules_three_build_three_module_024z3_h.js → 200 (63ms, ?B)
[2026-06-10T18:50:28.091Z] GET http://localhost:3001/_next/static/chunks/node_modules_next-intl_dist_esm_development_react-client_index_0vngosj.js → 200 (63ms, ?B)
[2026-06-10T18:50:28.091Z] GET http://localhost:3001/_next/static/chunks/app_%5Blocale%5D_page_tsx_0azkx.8._.js → 200 (63ms, ?B)
[2026-06-10T18:50:28.091Z] GET http://localhost:3001/_next/static/chunks/node_modules_next_dist_client_components_builtin_global-error_004glpo.js → 304 (63ms, ?B)
[2026-06-10T18:50:28.091Z] GET http://localhost:3001/assets/arrow-dark.svg → 304 (37ms, ?B)
[2026-06-10T18:50:28.091Z] GET https://fonts.googleapis.com/css2?family=JetBrains+Mono:wght@400;500;700&family=Plus+Jakarta+Sans:ital,wght@0,300;0,400;0,500;0,600;0,700;0,800;1,400&family=Instrument+Serif:ital@0;1&family=Starting+Lineup:ital@0;1&display=swap → 200 (1ms, -743B)
[2026-06-10T18:50:28.092Z] GET http://localhost:3001/assets/Kimberly-Clark.png → 304 (36ms, ?B)
[2026-06-10T18:50:28.092Z] GET http://localhost:3001/assets/HSBC.png → 304 (36ms, ?B)
[2026-06-10T18:50:28.092Z] GET http://localhost:3001/assets/2_areas_bg.png → 200 (37ms, ?B)
[2026-06-10T18:50:28.092Z] GET http://localhost:3001/assets/2_practice_01.png → 200 (37ms, ?B)
[2026-06-10T18:50:28.093Z] GET http://localhost:3001/assets/2_practice_02.png → 200 (36ms, ?B)
[2026-06-10T18:50:28.093Z] GET http://localhost:3001/assets/2_practice_03.png → 200 (36ms, ?B)
[2026-06-10T18:50:28.093Z] GET http://localhost:3001/assets/2_practice_04.png → 200 (36ms, ?B)
[2026-06-10T18:50:28.093Z] GET http://localhost:3001/assets/2_practice_05.png → 200 (36ms, ?B)
[2026-06-10T18:50:28.093Z] GET http://localhost:3001/assets/2_map.png → 200 (37ms, ?B)
[2026-06-10T18:50:28.093Z] GET http://localhost:3001/assets/byteplus%20logo.png → 200 (38ms, ?B)
[2026-06-10T18:50:28.093Z] GET http://localhost:3001/assets/footer%20image.png → 200 (38ms, ?B)
[2026-06-10T18:50:28.094Z] GET http://localhost:3001/assets/partner.mp4 → 206 (37ms, ?B)
[2026-06-10T18:50:28.096Z] GET https://fonts.gstatic.com/s/instrumentserif/v5/jizHRFtNs2ka5fXjeivQ4LroWlx-6zAjjH7Motmp5g.woff2 → 200 (?ms, -814B)
[2026-06-10T18:50:28.096Z] GET https://fonts.gstatic.com/s/jetbrainsmono/v24/tDbv2o-flEEny0FZhsfKu5WU4zr3E_BX0PnT8RD8yKwBNntkaToggR7BYRbKPxDcwgknk-4.woff2 → 200 (?ms, -814B)
[2026-06-10T18:50:28.096Z] GET https://fonts.gstatic.com/s/plusjakartasans/v12/LDIZaomQNQcsA88c7O9yZ4KMCoOg4KozySKCdSNG9OcqYQ0lCS_XOKyKQt2l-Fs.woff2 → 200 (?ms, -815B)
[2026-06-10T18:50:28.096Z] GET https://fonts.gstatic.com/s/plusjakartasans/v12/LDIoaomQNQcsA88c7O9yZ4KMCoOg4Ko20yygg_vb.woff2 → 200 (?ms, -815B)
[2026-06-10T18:50:28.151Z] GET http://localhost:3001/assets/logo_black.png → 304 (14ms, ?B)
[2026-06-10T18:50:28.164Z] GET http://localhost:3001/_next/static/chunks/%5Bturbopack%5D_browser_dev_hmr-client_hmr-client_ts_0yjw1oe._.js → 304 (3ms, ?B)
[2026-06-10T18:50:28.165Z] GET http://localhost:3001/_next/static/chunks/%5Bturbopack%5D_browser_dev_hmr-client_hmr-client_ts_10mygs7._.js → 304 (2ms, ?B)
[2026-06-10T18:50:28.165Z] GET http://localhost:3001/assets/partner.mp4 → 206 (11ms, ?B)
[2026-06-10T18:50:28.167Z] GET http://localhost:3001/__nextjs_font/geist-latin.woff2 → 200 (?ms, -209B)
[2026-06-10T18:50:28.167Z] GET http://localhost:3001/__nextjs_font/geist-mono-latin.woff2 → 200 (?ms, -209B)
[2026-06-10T18:50:33.927Z] GET http://localhost:3001/assets/2_success_home_a.png → 200 (2ms, ?B)
[2026-06-10T18:50:38.919Z] GET http://localhost:3001/assets/2_success_home_b.png → 200 (2ms, ?B)
[2026-06-10T18:50:53.930Z] GET http://localhost:3001/assets/2_success_home_b.png → 200 (4ms, ?B)
[2026-06-10T18:50:58.920Z] GET http://localhost:3001/assets/2_success_home.png → 200 (2ms, ?B)
[2026-06-10T18:51:08.925Z] GET http://localhost:3001/assets/2_success_home_b.png → pending (?ms, ?B)
[2026-06-10T18:51:13.924Z] GET http://localhost:3001/assets/2_success_home.png → pending (?ms, ?B)
[2026-06-10T18:51:23.919Z] GET http://localhost:3001/assets/2_success_home_b.png → pending (?ms, ?B)
[2026-06-10T18:51:28.924Z] GET http://localhost:3001/assets/2_success_home.png → pending (?ms, ?B)
[2026-06-10T18:51:38.924Z] GET http://localhost:3001/assets/2_success_home_b.png → pending (?ms, ?B)
[2026-06-10T18:51:43.922Z] GET http://localhost:3001/assets/2_success_home.png → pending (?ms, ?B)
[2026-06-10T18:51:45.854Z] GET http://localhost:3001/zh → pending (?ms, ?B)
