[2026-06-10T18:47:02.733Z] [info] %cDownload the React DevTools for a better development experience: https://react.dev/link/react-devtools font-weight:bold
[2026-06-10T18:47:02.789Z] [log] [HMR] connected
[2026-06-10T18:47:02.853Z] [error] THREE.WebGLRenderer: A WebGL context could not be created. Reason:  Could not create a WebGL context, VENDOR = 0xffff, DEVICE = 0xffff, GL_VENDOR = Google Inc. (Google), GL_RENDERER = ANGLE (Google, Vulkan 1.3.0 (SwiftShader Device (LLVM 10.0.0) (0x0000C0DE)), SwiftShader driver-5.0.0), GL_VERSION = 5.0.0, Sandboxed = yes, Optimus = no, AMD switchable = no, Reset notification strategy = 0x8252, ErrorMessage = BindToCurrentSequence failed: .
[2026-06-10T18:47:02.854Z] [error] THREE.WebGLRenderer: A WebGL context could not be created. Reason:  Could not create a WebGL context, VENDOR = 0xffff, DEVICE = 0xffff, GL_VENDOR = Google Inc. (Google), GL_RENDERER = ANGLE (Google, Vulkan 1.3.0 (SwiftShader Device (LLVM 10.0.0) (0x0000C0DE)), SwiftShader driver-5.0.0), GL_VERSION = 5.0.0, Sandboxed = yes, Optimus = no, AMD switchable = no, Reset notification strategy = 0x8252, ErrorMessage = BindToCurrentSequence failed: .
[2026-06-10T18:47:02.854Z] [error] THREE.WebGLRenderer: Error creating WebGL context.
[2026-06-10T18:47:25.616Z] [log] [Fast Refresh] rebuilding
[2026-06-10T18:47:25.617Z] [warning] [Fast Refresh] performing full reload because your application had an unrecoverable error
[2026-06-10T18:47:25.669Z] [log] [Fast Refresh] done in 32ms
[2026-06-10T18:47:25.758Z] [info] %cDownload the React DevTools for a better development experience: https://react.dev/link/react-devtools font-weight:bold
[2026-06-10T18:47:25.823Z] [log] [HMR] connected
[2026-06-10T18:47:27.214Z] [log] [Fast Refresh] rebuilding
[2026-06-10T18:47:27.391Z] [log] [Fast Refresh] done in 278ms
[2026-06-10T18:47:28.977Z] [log] [Fast Refresh] rebuilding
[2026-06-10T18:47:29.039Z] [log] [Fast Refresh] done in 82ms
[2026-06-10T18:47:34.795Z] [log] [Fast Refresh] rebuilding
[2026-06-10T18:47:34.950Z] [log] [Fast Refresh] done in 256ms
[2026-06-10T18:47:38.809Z] [info] %cDownload the React DevTools for a better development experience: https://react.dev/link/react-devtools font-weight:bold
[2026-06-10T18:47:38.813Z] [log] [HMR] connected
[2026-06-10T18:47:47.071Z] [log] [Fast Refresh] rebuilding
[2026-06-10T18:47:47.238Z] [log] [Fast Refresh] done in 269ms
[2026-06-10T18:48:12.331Z] [info] %cDownload the React DevTools for a better development experience: https://react.dev/link/react-devtools font-weight:bold
[2026-06-10T18:48:12.347Z] [log] [HMR] connected
[2026-06-10T18:48:51.943Z] [info] %cDownload the React DevTools for a better development experience: https://react.dev/link/react-devtools font-weight:bold
[2026-06-10T18:48:51.966Z] [log] [HMR] connected
[2026-06-10T18:48:52.003Z] [error] A tree hydrated but some attributes of the server rendered HTML didn't match the client properties. This won't be patched up. This can happen if a SSR-ed Client Component used:

- A server/client branch `if (typeof window !== 'undefined')`.
- Variable input such as `Date.now()` or `Math.random()` which changes each time it's called.
- Date formatting in a user's locale which doesn't match the server.
- External changing data without sending a snapshot of it along with the HTML.
- Invalid HTML tag nesting.

It can also happen if the client has a browser extension installed which messes with the HTML before React loaded.

%s%s https://react.dev/link/hydration-mismatch 

  ...
    <RenderFromTemplateContext>
      <ScrollAndMaybeFocusHandler cacheNode={{rsc:{...}, ...}}>
        <InnerScrollAndFocusHandlerOld focusAndScrollRef={{scrollRef:null, ...}} cacheNode={{rsc:{...}, ...}}>
          <ErrorBoundary errorComponent={undefined} errorStyles={undefined} errorScripts={undefined}>
            <LoadingBoundary name="/" loading={null}>
              <HTTPAccessFallbackBoundary notFound={{...}} forbidden={undefined} unauthorized={undefined}>
                <HTTPAccessFallbackErrorBoundary pathname="/en" notFound={{...}} forbidden={undefined} ...>
                  <RedirectBoundary>
                    <RedirectErrorBoundary router={{...}}>
                      <InnerLayoutRouter url="/en" tree={[...]} params={{locale:"en"}} cacheNode={{rsc:{...}, ...}} ...>
                        <SegmentViewNode type="layout" pagePath="[locale]/l...">
                          <SegmentTrieNode>
                          <link>
                          <script>
                          <script>
                          <script>
                          <LocaleLayout>
                            <html
                              lang="en"
+                             className="h-full"
-                             className="h-full dark"
                            >
                      ...
          ...

[2026-06-10T18:48:58.482Z] [log] [Fast Refresh] rebuilding
[2026-06-10T18:48:58.647Z] [log] [Fast Refresh] done in 265ms
[2026-06-10T18:49:25.996Z] [log] [Fast Refresh] rebuilding
[2026-06-10T18:49:26.075Z] [log] [Fast Refresh] done in 30ms
[2026-06-10T18:49:26.243Z] [log] [Fast Refresh] rebuilding
[2026-06-10T18:49:26.252Z] [log] [Fast Refresh] done in 116ms
[2026-06-10T18:49:33.994Z] [info] %cDownload the React DevTools for a better development experience: https://react.dev/link/react-devtools font-weight:bold
[2026-06-10T18:49:34.027Z] [log] [HMR] connected
[2026-06-10T18:49:54.811Z] [info] %cDownload the React DevTools for a better development experience: https://react.dev/link/react-devtools font-weight:bold
[2026-06-10T18:49:54.819Z] [log] [HMR] connected
[2026-06-10T18:49:59.292Z] [info] %cDownload the React DevTools for a better development experience: https://react.dev/link/react-devtools font-weight:bold
[2026-06-10T18:49:59.325Z] [log] [HMR] connected
[2026-06-10T18:50:21.233Z] [info] %cDownload the React DevTools for a better development experience: https://react.dev/link/react-devtools font-weight:bold
[2026-06-10T18:50:21.265Z] [log] [HMR] connected
[2026-06-10T18:50:24.675Z] [info] %cDownload the React DevTools for a better development experience: https://react.dev/link/react-devtools font-weight:bold
[2026-06-10T18:50:24.690Z] [log] [HMR] connected
[2026-06-10T18:50:28.154Z] [info] %cDownload the React DevTools for a better development experience: https://react.dev/link/react-devtools font-weight:bold
[2026-06-10T18:50:28.166Z] [log] [HMR] connected
[2026-06-10T18:51:06.832Z] [error] WebSocket connection to 'ws://localhost:3001/_next/webpack-hmr?id=AokHibexUlRtWqm1krndl' failed: Error in connection establishment: net::ERR_CONNECTION_REFUSED
[2026-06-10T18:51:07.834Z] [error] WebSocket connection to 'ws://localhost:3001/_next/webpack-hmr?id=AokHibexUlRtWqm1krndl' failed: Error in connection establishment: net::ERR_CONNECTION_REFUSED
[2026-06-10T18:51:08.835Z] [error] WebSocket connection to 'ws://localhost:3001/_next/webpack-hmr?id=AokHibexUlRtWqm1krndl' failed: Error in connection establishment: net::ERR_CONNECTION_REFUSED
[2026-06-10T18:51:08.926Z] [error] Failed to load resource: net::ERR_CONNECTION_REFUSED
[2026-06-10T18:51:09.837Z] [error] WebSocket connection to 'ws://localhost:3001/_next/webpack-hmr?id=AokHibexUlRtWqm1krndl' failed: Error in connection establishment: net::ERR_CONNECTION_REFUSED
[2026-06-10T18:51:10.839Z] [error] WebSocket connection to 'ws://localhost:3001/_next/webpack-hmr?id=AokHibexUlRtWqm1krndl' failed: Error in connection establishment: net::ERR_CONNECTION_REFUSED
[2026-06-10T18:51:13.925Z] [error] Failed to load resource: net::ERR_CONNECTION_REFUSED
[2026-06-10T18:51:15.841Z] [error] WebSocket connection to 'ws://localhost:3001/_next/webpack-hmr?id=AokHibexUlRtWqm1krndl' failed: Error in connection establishment: net::ERR_CONNECTION_REFUSED
[2026-06-10T18:51:20.843Z] [error] WebSocket connection to 'ws://localhost:3001/_next/webpack-hmr?id=AokHibexUlRtWqm1krndl' failed: Error in connection establishment: net::ERR_CONNECTION_REFUSED
[2026-06-10T18:51:23.919Z] [error] Failed to load resource: net::ERR_CONNECTION_REFUSED
[2026-06-10T18:51:25.845Z] [error] WebSocket connection to 'ws://localhost:3001/_next/webpack-hmr?id=AokHibexUlRtWqm1krndl' failed: Error in connection establishment: net::ERR_CONNECTION_REFUSED
[2026-06-10T18:51:28.924Z] [error] Failed to load resource: net::ERR_CONNECTION_REFUSED
[2026-06-10T18:51:30.847Z] [error] WebSocket connection to 'ws://localhost:3001/_next/webpack-hmr?id=AokHibexUlRtWqm1krndl' failed: Error in connection establishment: net::ERR_CONNECTION_REFUSED
[2026-06-10T18:51:35.849Z] [error] WebSocket connection to 'ws://localhost:3001/_next/webpack-hmr?id=AokHibexUlRtWqm1krndl' failed: Error in connection establishment: net::ERR_CONNECTION_REFUSED
[2026-06-10T18:51:38.924Z] [error] Failed to load resource: net::ERR_CONNECTION_REFUSED
[2026-06-10T18:51:40.851Z] [error] WebSocket connection to 'ws://localhost:3001/_next/webpack-hmr?id=AokHibexUlRtWqm1krndl' failed: Error in connection establishment: net::ERR_CONNECTION_REFUSED
[2026-06-10T18:51:43.922Z] [error] Failed to load resource: net::ERR_CONNECTION_REFUSED
[2026-06-10T18:51:45.853Z] [error] WebSocket connection to 'ws://localhost:3001/_next/webpack-hmr?id=AokHibexUlRtWqm1krndl' failed: Error in connection establishment: net::ERR_CONNECTION_REFUSED
